This file contains any messages produced by compilers while
running configure, to aid debugging if configure makes a mistake.

It was created by libzip configure 0.11.2, which was
generated by GNU Autoconf 2.69.  Invocation command line was

  $ ./configure 

## --------- ##
## Platform. ##
## --------- ##

hostname = localhost
uname -m = x86_64
uname -r = 3.11.10-301.fc20.x86_64
uname -s = Linux
uname -v = #1 SMP Thu Dec 5 14:01:17 UTC 2013

/usr/bin/uname -p = x86_64
/bin/uname -X     = unknown

/bin/arch              = x86_64
/usr/bin/arch -k       = unknown
/usr/convex/getsysinfo = unknown
/usr/bin/hostinfo      = unknown
/bin/machine           = unknown
/usr/bin/oslevel       = unknown
/bin/universe          = unknown

PATH: /usr/local/bin
PATH: /usr/bin
PATH: /bin
PATH: /usr/local/sbin
PATH: /usr/sbin
PATH: /home/Remdul/.local/bin
PATH: /home/Remdul/bin


## ----------- ##
## Core tests. ##
## ----------- ##

configure:2603: checking for a BSD-compatible install
configure:2671: result: /usr/bin/install -c
configure:2682: checking whether build environment is sane
configure:2737: result: yes
configure:2888: checking for a thread-safe mkdir -p
configure:2927: result: /usr/bin/mkdir -p
configure:2934: checking for gawk
configure:2950: found /usr/bin/gawk
configure:2961: result: gawk
configure:2972: checking whether make sets $(MAKE)
configure:2994: result: yes
configure:3023: checking whether make supports nested variables
configure:3040: result: yes
configure:3215: checking for gcc
configure:3231: found /usr/bin/gcc
configure:3242: result: gcc
configure:3471: checking for C compiler version
configure:3480: gcc --version >&5
gcc (GCC) 4.8.3 20140624 (Red Hat 4.8.3-1)
Copyright (C) 2013 Free Software Foundation, Inc.
This is free software; see the source for copying conditions.  There is NO
warranty; not even for MERCHANTABILITY or FITNESS FOR A PARTICULAR PURPOSE.

configure:3491: $? = 0
configure:3480: gcc -v >&5
Using built-in specs.
COLLECT_GCC=gcc
COLLECT_LTO_WRAPPER=/usr/libexec/gcc/x86_64-redhat-linux/4.8.3/lto-wrapper
Target: x86_64-redhat-linux
Configured with: ../configure --prefix=/usr --mandir=/usr/share/man --infodir=/usr/share/info --with-bugurl=http://bugzilla.redhat.com/bugzilla --enable-bootstrap --enable-shared --enable-threads=posix --enable-checking=release --with-system-zlib --enable-__cxa_atexit --disable-libunwind-exceptions --enable-gnu-unique-object --enable-linker-build-id --with-linker-hash-style=gnu --enable-languages=c,c++,objc,obj-c++,java,fortran,ada,go,lto --enable-plugin --enable-initfini-array --enable-java-awt=gtk --disable-dssi --with-java-home=/usr/lib/jvm/java-1.5.0-gcj-1.5.0.0/jre --enable-libgcj-multifile --enable-java-maintainer-mode --with-ecj-jar=/usr/share/java/eclipse-ecj.jar --disable-libjava-multilib --with-isl=/builddir/build/BUILD/gcc-4.8.3-20140624/obj-x86_64-redhat-linux/isl-install --with-cloog=/builddir/build/BUILD/gcc-4.8.3-20140624/obj-x86_64-redhat-linux/cloog-install --with-tune=generic --with-arch_32=i686 --build=x86_64-redhat-linux
Thread model: posix
gcc version 4.8.3 20140624 (Red Hat 4.8.3-1) (GCC) 
configure:3491: $? = 0
configure:3480: gcc -V >&5
gcc: error: unrecognized command line option '-V'
gcc: fatal error: no input files
compilation terminated.
configure:3491: $? = 4
configure:3480: gcc -qversion >&5
gcc: error: unrecognized command line option '-qversion'
gcc: fatal error: no input files
compilation terminated.
configure:3491: $? = 4
configure:3511: checking whether the C compiler works
configure:3533: gcc    conftest.c  >&5
configure:3537: $? = 0
configure:3585: result: yes
configure:3588: checking for C compiler default output file name
configure:3590: result: a.out
configure:3596: checking for suffix of executables
configure:3603: gcc -o conftest    conftest.c  >&5
configure:3607: $? = 0
configure:3629: result: 
configure:3651: checking whether we are cross compiling
configure:3659: gcc -o conftest    conftest.c  >&5
configure:3663: $? = 0
configure:3670: ./conftest
configure:3674: $? = 0
configure:3689: result: no
configure:3694: checking for suffix of object files
configure:3716: gcc -c   conftest.c >&5
configure:3720: $? = 0
configure:3741: result: o
configure:3745: checking whether we are using the GNU C compiler
configure:3764: gcc -c   conftest.c >&5
configure:3764: $? = 0
configure:3773: result: yes
configure:3782: checking whether gcc accepts -g
configure:3802: gcc -c -g  conftest.c >&5
configure:3802: $? = 0
configure:3843: result: yes
configure:3860: checking for gcc option to accept ISO C89
configure:3923: gcc  -c -g -O2  conftest.c >&5
configure:3923: $? = 0
configure:3936: result: none needed
configure:3961: checking whether gcc understands -c and -o together
configure:3983: gcc -c conftest.c -o conftest2.o
configure:3986: $? = 0
configure:3983: gcc -c conftest.c -o conftest2.o
configure:3986: $? = 0
configure:3998: result: yes
configure:4026: checking for style of include used by make
configure:4054: result: GNU
configure:4080: checking dependency style of gcc
configure:4191: result: gcc3
configure:4214: checking for special C compiler options needed for large files
configure:4259: result: no
configure:4265: checking for _FILE_OFFSET_BITS value needed for large files
configure:4290: gcc -c -g -O2  conftest.c >&5
configure:4290: $? = 0
configure:4322: result: no
configure:4434: checking for main in -lz
configure:4453: gcc -o conftest -g -O2   conftest.c -lz   >&5
/usr/bin/ld: cannot find -lz
collect2: error: ld returned 1 exit status
configure:4453: $? = 1
configure: failed program was:
| /* confdefs.h */
| #define PACKAGE_NAME "libzip"
| #define PACKAGE_TARNAME "libzip"
| #define PACKAGE_VERSION "0.11.2"
| #define PACKAGE_STRING "libzip 0.11.2"
| #define PACKAGE_BUGREPORT "libzip@nih.at"
| #define PACKAGE_URL ""
| #define PACKAGE "libzip"
| #define VERSION "0.11.2"
| /* end confdefs.h.  */
| 
| 
| int
| main ()
| {
| return main ();
|   ;
|   return 0;
| }
configure:4462: result: no
configure:4473: checking new ZLIB version
configure:4489: gcc -c -g -O2  conftest.c >&5
conftest.c:11:18: fatal error: zlib.h: No such file or directory
 #include <zlib.h>
                  ^
compilation terminated.
configure:4489: $? = 1
configure: failed program was:
| /* confdefs.h */
| #define PACKAGE_NAME "libzip"
| #define PACKAGE_TARNAME "libzip"
| #define PACKAGE_VERSION "0.11.2"
| #define PACKAGE_STRING "libzip 0.11.2"
| #define PACKAGE_BUGREPORT "libzip@nih.at"
| #define PACKAGE_URL ""
| #define PACKAGE "libzip"
| #define VERSION "0.11.2"
| /* end confdefs.h.  */
| #include <zlib.h>
| int
| main ()
| {
| extern ZEXPORT int unzOpen (const char *path);
|   ;
|   return 0;
| }
configure:4496: result: no
configure:4500: error: ZLIB version too old, please install at least v1.1.2

## ---------------- ##
## Cache variables. ##
## ---------------- ##

ac_cv_c_compiler_gnu=yes
ac_cv_env_CC_set=
ac_cv_env_CC_value=
ac_cv_env_CFLAGS_set=
ac_cv_env_CFLAGS_value=
ac_cv_env_CPPFLAGS_set=
ac_cv_env_CPPFLAGS_value=
ac_cv_env_CPP_set=
ac_cv_env_CPP_value=
ac_cv_env_LDFLAGS_set=
ac_cv_env_LDFLAGS_value=
ac_cv_env_LIBS_set=
ac_cv_env_LIBS_value=
ac_cv_env_build_alias_set=
ac_cv_env_build_alias_value=
ac_cv_env_host_alias_set=
ac_cv_env_host_alias_value=
ac_cv_env_target_alias_set=
ac_cv_env_target_alias_value=
ac_cv_lib_z_main=no
ac_cv_objext=o
ac_cv_path_install='/usr/bin/install -c'
ac_cv_path_mkdir=/usr/bin/mkdir
ac_cv_prog_AWK=gawk
ac_cv_prog_ac_ct_CC=gcc
ac_cv_prog_cc_c89=
ac_cv_prog_cc_g=yes
ac_cv_prog_make_make_set=yes
ac_cv_sys_file_offset_bits=no
ac_cv_sys_largefile_CC=no
am_cv_CC_dependencies_compiler_type=gcc3
am_cv_make_support_nested_variables=yes
am_cv_prog_cc_c_o=yes
id_cv_lib_zlib_ok=no

## ----------------- ##
## Output variables. ##
## ----------------- ##

ACLOCAL='${SHELL} /home/Remdul/Downloads/libzip-0.11.2/missing aclocal-1.14'
AMDEPBACKSLASH='\'
AMDEP_FALSE='#'
AMDEP_TRUE=''
AMTAR='$${TAR-tar}'
AM_BACKSLASH='\'
AM_DEFAULT_V='$(AM_DEFAULT_VERBOSITY)'
AM_DEFAULT_VERBOSITY='1'
AM_V='$(V)'
AR=''
AUTOCONF='${SHELL} /home/Remdul/Downloads/libzip-0.11.2/missing autoconf'
AUTOHEADER='${SHELL} /home/Remdul/Downloads/libzip-0.11.2/missing autoheader'
AUTOMAKE='${SHELL} /home/Remdul/Downloads/libzip-0.11.2/missing automake-1.14'
AWK='gawk'
CC='gcc'
CCDEPMODE='depmode=gcc3'
CFLAGS='-g -O2'
CFLAG_VISIBILITY=''
CPP=''
CPPFLAGS=''
CYGPATH_W='echo'
DEFS=''
DEPDIR='.deps'
DLLTOOL=''
DSYMUTIL=''
DUMPBIN=''
ECHO_C=''
ECHO_N='-n'
ECHO_T=''
EGREP=''
EXEEXT=''
FGREP=''
GREP=''
HAVE_VISIBILITY=''
INSTALL_DATA='${INSTALL} -m 644'
INSTALL_PROGRAM='${INSTALL}'
INSTALL_SCRIPT='${INSTALL}'
INSTALL_STRIP_PROGRAM='$(install_sh) -c -s'
LD=''
LDFLAGS=''
LIBOBJS=''
LIBS=''
LIBTOOL=''
LIPO=''
LN_S=''
LTLIBOBJS=''
MAKEINFO='${SHELL} /home/Remdul/Downloads/libzip-0.11.2/missing makeinfo'
MANFMT=''
MANIFEST_TOOL=''
MKDIR_P='/usr/bin/mkdir -p'
NM=''
NMEDIT=''
OBJDUMP=''
OBJEXT='o'
OTOOL64=''
OTOOL=''
PACKAGE='libzip'
PACKAGE_BUGREPORT='libzip@nih.at'
PACKAGE_NAME='libzip'
PACKAGE_STRING='libzip 0.11.2'
PACKAGE_TARNAME='libzip'
PACKAGE_URL=''
PACKAGE_VERSION='0.11.2'
PATH_SEPARATOR=':'
RANLIB=''
SED=''
SET_MAKE=''
SHELL='/bin/sh'
STRIP=''
TOUCH=''
UNZIP=''
VERSION='0.11.2'
ac_ct_AR=''
ac_ct_CC='gcc'
ac_ct_DUMPBIN=''
am__EXEEXT_FALSE=''
am__EXEEXT_TRUE=''
am__fastdepCC_FALSE='#'
am__fastdepCC_TRUE=''
am__include='include'
am__isrc=''
am__leading_dot='.'
am__nodep='_no'
am__quote=''
am__tar='$${TAR-tar} chof - "$$tardir"'
am__untar='$${TAR-tar} xf -'
bindir='${exec_prefix}/bin'
build=''
build_alias=''
build_cpu=''
build_os=''
build_vendor=''
datadir='${datarootdir}'
datarootdir='${prefix}/share'
docdir='${datarootdir}/doc/${PACKAGE_TARNAME}'
dvidir='${docdir}'
exec_prefix='NONE'
host=''
host_alias=''
host_cpu=''
host_os=''
host_vendor=''
htmldir='${docdir}'
includedir='${prefix}/include'
infodir='${datarootdir}/info'
install_sh='${SHELL} /home/Remdul/Downloads/libzip-0.11.2/install-sh'
libdir='${exec_prefix}/lib'
libexecdir='${exec_prefix}/libexec'
localedir='${datarootdir}/locale'
localstatedir='${prefix}/var'
mandir='${datarootdir}/man'
mkdir_p='$(MKDIR_P)'
oldincludedir='/usr/include'
pdfdir='${docdir}'
prefix='NONE'
program_transform_name='s,x,x,'
psdir='${docdir}'
sbindir='${exec_prefix}/sbin'
sharedstatedir='${prefix}/com'
sysconfdir='${prefix}/etc'
target_alias=''

## ----------- ##
## confdefs.h. ##
## ----------- ##

/* confdefs.h */
#define PACKAGE_NAME "libzip"
#define PACKAGE_TARNAME "libzip"
#define PACKAGE_VERSION "0.11.2"
#define PACKAGE_STRING "libzip 0.11.2"
#define PACKAGE_BUGREPORT "libzip@nih.at"
#define PACKAGE_URL ""
#define PACKAGE "libzip"
#define VERSION "0.11.2"

configure: exit 1
