The system is: Linux - 3.11.10-301.fc20.x86_64 - x86_64
Compiling the C compiler identification source file "CMakeCCompilerId.c" succeeded.
Compiler: /usr/bin/cc 
Build flags: 
Id flags: 

The output was:
0


Compilation of the C compiler identification source "CMakeCCompilerId.c" produced "a.out"

The C compiler identification is GNU, found in "/home/Remdul/git2/libzip/CMakeFiles/2.8.12.2/CompilerIdC/a.out"

Determining if the C compiler works passed with the following output:
Change Dir: /home/Remdul/git2/libzip/CMakeFiles/CMakeTmp

Run Build Command:/usr/bin/gmake "cmTryCompileExec3850730227/fast"
/usr/bin/gmake -f CMakeFiles/cmTryCompileExec3850730227.dir/build.make CMakeFiles/cmTryCompileExec3850730227.dir/build
gmake[1]: Entering directory `/home/Remdul/git2/libzip/CMakeFiles/CMakeTmp'
/usr/bin/cmake -E cmake_progress_report /home/Remdul/git2/libzip/CMakeFiles/CMakeTmp/CMakeFiles 1
Building C object CMakeFiles/cmTryCompileExec3850730227.dir/testCCompiler.c.o
/usr/bin/cc    -o CMakeFiles/cmTryCompileExec3850730227.dir/testCCompiler.c.o   -c /home/Remdul/git2/libzip/CMakeFiles/CMakeTmp/testCCompiler.c
Linking C executable cmTryCompileExec3850730227
/usr/bin/cmake -E cmake_link_script CMakeFiles/cmTryCompileExec3850730227.dir/link.txt --verbose=1
/usr/bin/cc       CMakeFiles/cmTryCompileExec3850730227.dir/testCCompiler.c.o  -o cmTryCompileExec3850730227 -rdynamic 
gmake[1]: Leaving directory `/home/Remdul/git2/libzip/CMakeFiles/CMakeTmp'


Detecting C compiler ABI info compiled with the following output:
Change Dir: /home/Remdul/git2/libzip/CMakeFiles/CMakeTmp

Run Build Command:/usr/bin/gmake "cmTryCompileExec1509659319/fast"
/usr/bin/gmake -f CMakeFiles/cmTryCompileExec1509659319.dir/build.make CMakeFiles/cmTryCompileExec1509659319.dir/build
gmake[1]: Entering directory `/home/Remdul/git2/libzip/CMakeFiles/CMakeTmp'
/usr/bin/cmake -E cmake_progress_report /home/Remdul/git2/libzip/CMakeFiles/CMakeTmp/CMakeFiles 1
Building C object CMakeFiles/cmTryCompileExec1509659319.dir/CMakeCCompilerABI.c.o
/usr/bin/cc    -o CMakeFiles/cmTryCompileExec1509659319.dir/CMakeCCompilerABI.c.o   -c /usr/share/cmake/Modules/CMakeCCompilerABI.c
Linking C executable cmTryCompileExec1509659319
/usr/bin/cmake -E cmake_link_script CMakeFiles/cmTryCompileExec1509659319.dir/link.txt --verbose=1
/usr/bin/cc     -v CMakeFiles/cmTryCompileExec1509659319.dir/CMakeCCompilerABI.c.o  -o cmTryCompileExec1509659319 -rdynamic  
Using built-in specs.
COLLECT_GCC=/usr/bin/cc
COLLECT_LTO_WRAPPER=/usr/libexec/gcc/x86_64-redhat-linux/4.8.3/lto-wrapper
Target: x86_64-redhat-linux
Configured with: ../configure --prefix=/usr --mandir=/usr/share/man --infodir=/usr/share/info --with-bugurl=http://bugzilla.redhat.com/bugzilla --enable-bootstrap --enable-shared --enable-threads=posix --enable-checking=release --with-system-zlib --enable-__cxa_atexit --disable-libunwind-exceptions --enable-gnu-unique-object --enable-linker-build-id --with-linker-hash-style=gnu --enable-languages=c,c++,objc,obj-c++,java,fortran,ada,go,lto --enable-plugin --enable-initfini-array --enable-java-awt=gtk --disable-dssi --with-java-home=/usr/lib/jvm/java-1.5.0-gcj-1.5.0.0/jre --enable-libgcj-multifile --enable-java-maintainer-mode --with-ecj-jar=/usr/share/java/eclipse-ecj.jar --disable-libjava-multilib --with-isl=/builddir/build/BUILD/gcc-4.8.3-20140624/obj-x86_64-redhat-linux/isl-install --with-cloog=/builddir/build/BUILD/gcc-4.8.3-20140624/obj-x86_64-redhat-linux/cloog-install --with-tune=generic --with-arch_32=i686 --build=x86_64-redhat-linux
Thread model: posix
gcc version 4.8.3 20140624 (Red Hat 4.8.3-1) (GCC) 
COMPILER_PATH=/usr/libexec/gcc/x86_64-redhat-linux/4.8.3/:/usr/libexec/gcc/x86_64-redhat-linux/4.8.3/:/usr/libexec/gcc/x86_64-redhat-linux/:/usr/lib/gcc/x86_64-redhat-linux/4.8.3/:/usr/lib/gcc/x86_64-redhat-linux/
LIBRARY_PATH=/usr/lib/gcc/x86_64-redhat-linux/4.8.3/:/usr/lib/gcc/x86_64-redhat-linux/4.8.3/../../../../lib64/:/lib/../lib64/:/usr/lib/../lib64/:/usr/lib/gcc/x86_64-redhat-linux/4.8.3/../../../:/lib/:/usr/lib/
COLLECT_GCC_OPTIONS='-v' '-o' 'cmTryCompileExec1509659319' '-rdynamic' '-mtune=generic' '-march=x86-64'
 /usr/libexec/gcc/x86_64-redhat-linux/4.8.3/collect2 --build-id --no-add-needed --eh-frame-hdr --hash-style=gnu -m elf_x86_64 -export-dynamic -dynamic-linker /lib64/ld-linux-x86-64.so.2 -o cmTryCompileExec1509659319 /usr/lib/gcc/x86_64-redhat-linux/4.8.3/../../../../lib64/crt1.o /usr/lib/gcc/x86_64-redhat-linux/4.8.3/../../../../lib64/crti.o /usr/lib/gcc/x86_64-redhat-linux/4.8.3/crtbegin.o -L/usr/lib/gcc/x86_64-redhat-linux/4.8.3 -L/usr/lib/gcc/x86_64-redhat-linux/4.8.3/../../../../lib64 -L/lib/../lib64 -L/usr/lib/../lib64 -L/usr/lib/gcc/x86_64-redhat-linux/4.8.3/../../.. CMakeFiles/cmTryCompileExec1509659319.dir/CMakeCCompilerABI.c.o -lgcc --as-needed -lgcc_s --no-as-needed -lc -lgcc --as-needed -lgcc_s --no-as-needed /usr/lib/gcc/x86_64-redhat-linux/4.8.3/crtend.o /usr/lib/gcc/x86_64-redhat-linux/4.8.3/../../../../lib64/crtn.o
gmake[1]: Leaving directory `/home/Remdul/git2/libzip/CMakeFiles/CMakeTmp'


Parsed C implicit link information from above output:
  link line regex: [^( *|.*[/\])(ld|([^/\]+-)?ld|collect2)[^/\]*( |$)]
  ignore line: [Change Dir: /home/Remdul/git2/libzip/CMakeFiles/CMakeTmp]
  ignore line: []
  ignore line: [Run Build Command:/usr/bin/gmake "cmTryCompileExec1509659319/fast"]
  ignore line: [/usr/bin/gmake -f CMakeFiles/cmTryCompileExec1509659319.dir/build.make CMakeFiles/cmTryCompileExec1509659319.dir/build]
  ignore line: [gmake[1]: Entering directory `/home/Remdul/git2/libzip/CMakeFiles/CMakeTmp']
  ignore line: [/usr/bin/cmake -E cmake_progress_report /home/Remdul/git2/libzip/CMakeFiles/CMakeTmp/CMakeFiles 1]
  ignore line: [Building C object CMakeFiles/cmTryCompileExec1509659319.dir/CMakeCCompilerABI.c.o]
  ignore line: [/usr/bin/cc    -o CMakeFiles/cmTryCompileExec1509659319.dir/CMakeCCompilerABI.c.o   -c /usr/share/cmake/Modules/CMakeCCompilerABI.c]
  ignore line: [Linking C executable cmTryCompileExec1509659319]
  ignore line: [/usr/bin/cmake -E cmake_link_script CMakeFiles/cmTryCompileExec1509659319.dir/link.txt --verbose=1]
  ignore line: [/usr/bin/cc     -v CMakeFiles/cmTryCompileExec1509659319.dir/CMakeCCompilerABI.c.o  -o cmTryCompileExec1509659319 -rdynamic  ]
  ignore line: [Using built-in specs.]
  ignore line: [COLLECT_GCC=/usr/bin/cc]
  ignore line: [COLLECT_LTO_WRAPPER=/usr/libexec/gcc/x86_64-redhat-linux/4.8.3/lto-wrapper]
  ignore line: [Target: x86_64-redhat-linux]
  ignore line: [Configured with: ../configure --prefix=/usr --mandir=/usr/share/man --infodir=/usr/share/info --with-bugurl=http://bugzilla.redhat.com/bugzilla --enable-bootstrap --enable-shared --enable-threads=posix --enable-checking=release --with-system-zlib --enable-__cxa_atexit --disable-libunwind-exceptions --enable-gnu-unique-object --enable-linker-build-id --with-linker-hash-style=gnu --enable-languages=c,c++,objc,obj-c++,java,fortran,ada,go,lto --enable-plugin --enable-initfini-array --enable-java-awt=gtk --disable-dssi --with-java-home=/usr/lib/jvm/java-1.5.0-gcj-1.5.0.0/jre --enable-libgcj-multifile --enable-java-maintainer-mode --with-ecj-jar=/usr/share/java/eclipse-ecj.jar --disable-libjava-multilib --with-isl=/builddir/build/BUILD/gcc-4.8.3-20140624/obj-x86_64-redhat-linux/isl-install --with-cloog=/builddir/build/BUILD/gcc-4.8.3-20140624/obj-x86_64-redhat-linux/cloog-install --with-tune=generic --with-arch_32=i686 --build=x86_64-redhat-linux]
  ignore line: [Thread model: posix]
  ignore line: [gcc version 4.8.3 20140624 (Red Hat 4.8.3-1) (GCC) ]
  ignore line: [COMPILER_PATH=/usr/libexec/gcc/x86_64-redhat-linux/4.8.3/:/usr/libexec/gcc/x86_64-redhat-linux/4.8.3/:/usr/libexec/gcc/x86_64-redhat-linux/:/usr/lib/gcc/x86_64-redhat-linux/4.8.3/:/usr/lib/gcc/x86_64-redhat-linux/]
  ignore line: [LIBRARY_PATH=/usr/lib/gcc/x86_64-redhat-linux/4.8.3/:/usr/lib/gcc/x86_64-redhat-linux/4.8.3/../../../../lib64/:/lib/../lib64/:/usr/lib/../lib64/:/usr/lib/gcc/x86_64-redhat-linux/4.8.3/../../../:/lib/:/usr/lib/]
  ignore line: [COLLECT_GCC_OPTIONS='-v' '-o' 'cmTryCompileExec1509659319' '-rdynamic' '-mtune=generic' '-march=x86-64']
  link line: [ /usr/libexec/gcc/x86_64-redhat-linux/4.8.3/collect2 --build-id --no-add-needed --eh-frame-hdr --hash-style=gnu -m elf_x86_64 -export-dynamic -dynamic-linker /lib64/ld-linux-x86-64.so.2 -o cmTryCompileExec1509659319 /usr/lib/gcc/x86_64-redhat-linux/4.8.3/../../../../lib64/crt1.o /usr/lib/gcc/x86_64-redhat-linux/4.8.3/../../../../lib64/crti.o /usr/lib/gcc/x86_64-redhat-linux/4.8.3/crtbegin.o -L/usr/lib/gcc/x86_64-redhat-linux/4.8.3 -L/usr/lib/gcc/x86_64-redhat-linux/4.8.3/../../../../lib64 -L/lib/../lib64 -L/usr/lib/../lib64 -L/usr/lib/gcc/x86_64-redhat-linux/4.8.3/../../.. CMakeFiles/cmTryCompileExec1509659319.dir/CMakeCCompilerABI.c.o -lgcc --as-needed -lgcc_s --no-as-needed -lc -lgcc --as-needed -lgcc_s --no-as-needed /usr/lib/gcc/x86_64-redhat-linux/4.8.3/crtend.o /usr/lib/gcc/x86_64-redhat-linux/4.8.3/../../../../lib64/crtn.o]
    arg [/usr/libexec/gcc/x86_64-redhat-linux/4.8.3/collect2] ==> ignore
    arg [--build-id] ==> ignore
    arg [--no-add-needed] ==> ignore
    arg [--eh-frame-hdr] ==> ignore
    arg [--hash-style=gnu] ==> ignore
    arg [-m] ==> ignore
    arg [elf_x86_64] ==> ignore
    arg [-export-dynamic] ==> ignore
    arg [-dynamic-linker] ==> ignore
    arg [/lib64/ld-linux-x86-64.so.2] ==> ignore
    arg [-o] ==> ignore
    arg [cmTryCompileExec1509659319] ==> ignore
    arg [/usr/lib/gcc/x86_64-redhat-linux/4.8.3/../../../../lib64/crt1.o] ==> ignore
    arg [/usr/lib/gcc/x86_64-redhat-linux/4.8.3/../../../../lib64/crti.o] ==> ignore
    arg [/usr/lib/gcc/x86_64-redhat-linux/4.8.3/crtbegin.o] ==> ignore
    arg [-L/usr/lib/gcc/x86_64-redhat-linux/4.8.3] ==> dir [/usr/lib/gcc/x86_64-redhat-linux/4.8.3]
    arg [-L/usr/lib/gcc/x86_64-redhat-linux/4.8.3/../../../../lib64] ==> dir [/usr/lib/gcc/x86_64-redhat-linux/4.8.3/../../../../lib64]
    arg [-L/lib/../lib64] ==> dir [/lib/../lib64]
    arg [-L/usr/lib/../lib64] ==> dir [/usr/lib/../lib64]
    arg [-L/usr/lib/gcc/x86_64-redhat-linux/4.8.3/../../..] ==> dir [/usr/lib/gcc/x86_64-redhat-linux/4.8.3/../../..]
    arg [CMakeFiles/cmTryCompileExec1509659319.dir/CMakeCCompilerABI.c.o] ==> ignore
    arg [-lgcc] ==> lib [gcc]
    arg [--as-needed] ==> ignore
    arg [-lgcc_s] ==> lib [gcc_s]
    arg [--no-as-needed] ==> ignore
    arg [-lc] ==> lib [c]
    arg [-lgcc] ==> lib [gcc]
    arg [--as-needed] ==> ignore
    arg [-lgcc_s] ==> lib [gcc_s]
    arg [--no-as-needed] ==> ignore
    arg [/usr/lib/gcc/x86_64-redhat-linux/4.8.3/crtend.o] ==> ignore
    arg [/usr/lib/gcc/x86_64-redhat-linux/4.8.3/../../../../lib64/crtn.o] ==> ignore
  remove lib [gcc]
  remove lib [gcc_s]
  remove lib [gcc]
  remove lib [gcc_s]
  collapse library dir [/usr/lib/gcc/x86_64-redhat-linux/4.8.3] ==> [/usr/lib/gcc/x86_64-redhat-linux/4.8.3]
  collapse library dir [/usr/lib/gcc/x86_64-redhat-linux/4.8.3/../../../../lib64] ==> [/usr/lib64]
  collapse library dir [/lib/../lib64] ==> [/lib64]
  collapse library dir [/usr/lib/../lib64] ==> [/usr/lib64]
  collapse library dir [/usr/lib/gcc/x86_64-redhat-linux/4.8.3/../../..] ==> [/usr/lib]
  implicit libs: [c]
  implicit dirs: [/usr/lib/gcc/x86_64-redhat-linux/4.8.3;/usr/lib64;/lib64;/usr/lib]
  implicit fwks: []


Determining if the function fseeko exists passed with the following output:
Change Dir: /home/Remdul/git2/libzip/CMakeFiles/CMakeTmp

Run Build Command:/usr/bin/gmake "cmTryCompileExec2889354539/fast"
/usr/bin/gmake -f CMakeFiles/cmTryCompileExec2889354539.dir/build.make CMakeFiles/cmTryCompileExec2889354539.dir/build
gmake[1]: Entering directory `/home/Remdul/git2/libzip/CMakeFiles/CMakeTmp'
/usr/bin/cmake -E cmake_progress_report /home/Remdul/git2/libzip/CMakeFiles/CMakeTmp/CMakeFiles 1
Building C object CMakeFiles/cmTryCompileExec2889354539.dir/CheckFunctionExists.c.o
/usr/bin/cc   -DCHECK_FUNCTION_EXISTS=fseeko   -o CMakeFiles/cmTryCompileExec2889354539.dir/CheckFunctionExists.c.o   -c /usr/share/cmake/Modules/CheckFunctionExists.c
Linking C executable cmTryCompileExec2889354539
/usr/bin/cmake -E cmake_link_script CMakeFiles/cmTryCompileExec2889354539.dir/link.txt --verbose=1
/usr/bin/cc   -DCHECK_FUNCTION_EXISTS=fseeko    CMakeFiles/cmTryCompileExec2889354539.dir/CheckFunctionExists.c.o  -o cmTryCompileExec2889354539 -rdynamic 
gmake[1]: Leaving directory `/home/Remdul/git2/libzip/CMakeFiles/CMakeTmp'


Determining if the function ftello exists passed with the following output:
Change Dir: /home/Remdul/git2/libzip/CMakeFiles/CMakeTmp

Run Build Command:/usr/bin/gmake "cmTryCompileExec3699295729/fast"
/usr/bin/gmake -f CMakeFiles/cmTryCompileExec3699295729.dir/build.make CMakeFiles/cmTryCompileExec3699295729.dir/build
gmake[1]: Entering directory `/home/Remdul/git2/libzip/CMakeFiles/CMakeTmp'
/usr/bin/cmake -E cmake_progress_report /home/Remdul/git2/libzip/CMakeFiles/CMakeTmp/CMakeFiles 1
Building C object CMakeFiles/cmTryCompileExec3699295729.dir/CheckFunctionExists.c.o
/usr/bin/cc   -DCHECK_FUNCTION_EXISTS=ftello   -o CMakeFiles/cmTryCompileExec3699295729.dir/CheckFunctionExists.c.o   -c /usr/share/cmake/Modules/CheckFunctionExists.c
Linking C executable cmTryCompileExec3699295729
/usr/bin/cmake -E cmake_link_script CMakeFiles/cmTryCompileExec3699295729.dir/link.txt --verbose=1
/usr/bin/cc   -DCHECK_FUNCTION_EXISTS=ftello    CMakeFiles/cmTryCompileExec3699295729.dir/CheckFunctionExists.c.o  -o cmTryCompileExec3699295729 -rdynamic 
gmake[1]: Leaving directory `/home/Remdul/git2/libzip/CMakeFiles/CMakeTmp'


Determining if the function open exists passed with the following output:
Change Dir: /home/Remdul/git2/libzip/CMakeFiles/CMakeTmp

Run Build Command:/usr/bin/gmake "cmTryCompileExec2432981869/fast"
/usr/bin/gmake -f CMakeFiles/cmTryCompileExec2432981869.dir/build.make CMakeFiles/cmTryCompileExec2432981869.dir/build
gmake[1]: Entering directory `/home/Remdul/git2/libzip/CMakeFiles/CMakeTmp'
/usr/bin/cmake -E cmake_progress_report /home/Remdul/git2/libzip/CMakeFiles/CMakeTmp/CMakeFiles 1
Building C object CMakeFiles/cmTryCompileExec2432981869.dir/CheckFunctionExists.c.o
/usr/bin/cc   -DCHECK_FUNCTION_EXISTS=open   -o CMakeFiles/cmTryCompileExec2432981869.dir/CheckFunctionExists.c.o   -c /usr/share/cmake/Modules/CheckFunctionExists.c
Linking C executable cmTryCompileExec2432981869
/usr/bin/cmake -E cmake_link_script CMakeFiles/cmTryCompileExec2432981869.dir/link.txt --verbose=1
/usr/bin/cc   -DCHECK_FUNCTION_EXISTS=open    CMakeFiles/cmTryCompileExec2432981869.dir/CheckFunctionExists.c.o  -o cmTryCompileExec2432981869 -rdynamic 
gmake[1]: Leaving directory `/home/Remdul/git2/libzip/CMakeFiles/CMakeTmp'


Determining if the function mkstemp exists passed with the following output:
Change Dir: /home/Remdul/git2/libzip/CMakeFiles/CMakeTmp

Run Build Command:/usr/bin/gmake "cmTryCompileExec2029300526/fast"
/usr/bin/gmake -f CMakeFiles/cmTryCompileExec2029300526.dir/build.make CMakeFiles/cmTryCompileExec2029300526.dir/build
gmake[1]: Entering directory `/home/Remdul/git2/libzip/CMakeFiles/CMakeTmp'
/usr/bin/cmake -E cmake_progress_report /home/Remdul/git2/libzip/CMakeFiles/CMakeTmp/CMakeFiles 1
Building C object CMakeFiles/cmTryCompileExec2029300526.dir/CheckFunctionExists.c.o
/usr/bin/cc   -DCHECK_FUNCTION_EXISTS=mkstemp   -o CMakeFiles/cmTryCompileExec2029300526.dir/CheckFunctionExists.c.o   -c /usr/share/cmake/Modules/CheckFunctionExists.c
Linking C executable cmTryCompileExec2029300526
/usr/bin/cmake -E cmake_link_script CMakeFiles/cmTryCompileExec2029300526.dir/link.txt --verbose=1
/usr/bin/cc   -DCHECK_FUNCTION_EXISTS=mkstemp    CMakeFiles/cmTryCompileExec2029300526.dir/CheckFunctionExists.c.o  -o cmTryCompileExec2029300526 -rdynamic 
gmake[1]: Leaving directory `/home/Remdul/git2/libzip/CMakeFiles/CMakeTmp'


Determining if the function snprintf exists passed with the following output:
Change Dir: /home/Remdul/git2/libzip/CMakeFiles/CMakeTmp

Run Build Command:/usr/bin/gmake "cmTryCompileExec3574522342/fast"
/usr/bin/gmake -f CMakeFiles/cmTryCompileExec3574522342.dir/build.make CMakeFiles/cmTryCompileExec3574522342.dir/build
gmake[1]: Entering directory `/home/Remdul/git2/libzip/CMakeFiles/CMakeTmp'
/usr/bin/cmake -E cmake_progress_report /home/Remdul/git2/libzip/CMakeFiles/CMakeTmp/CMakeFiles 1
Building C object CMakeFiles/cmTryCompileExec3574522342.dir/CheckFunctionExists.c.o
/usr/bin/cc   -DCHECK_FUNCTION_EXISTS=snprintf   -o CMakeFiles/cmTryCompileExec3574522342.dir/CheckFunctionExists.c.o   -c /usr/share/cmake/Modules/CheckFunctionExists.c
<command-line>:0:23: warning: conflicting types for built-in function ‘snprintf’ [enabled by default]
/usr/share/cmake/Modules/CheckFunctionExists.c:3:6: note: in expansion of macro ‘CHECK_FUNCTION_EXISTS’
 char CHECK_FUNCTION_EXISTS();
      ^
Linking C executable cmTryCompileExec3574522342
/usr/bin/cmake -E cmake_link_script CMakeFiles/cmTryCompileExec3574522342.dir/link.txt --verbose=1
/usr/bin/cc   -DCHECK_FUNCTION_EXISTS=snprintf    CMakeFiles/cmTryCompileExec3574522342.dir/CheckFunctionExists.c.o  -o cmTryCompileExec3574522342 -rdynamic 
gmake[1]: Leaving directory `/home/Remdul/git2/libzip/CMakeFiles/CMakeTmp'


Determining if the function strcasecmp exists passed with the following output:
Change Dir: /home/Remdul/git2/libzip/CMakeFiles/CMakeTmp

Run Build Command:/usr/bin/gmake "cmTryCompileExec1267179992/fast"
/usr/bin/gmake -f CMakeFiles/cmTryCompileExec1267179992.dir/build.make CMakeFiles/cmTryCompileExec1267179992.dir/build
gmake[1]: Entering directory `/home/Remdul/git2/libzip/CMakeFiles/CMakeTmp'
/usr/bin/cmake -E cmake_progress_report /home/Remdul/git2/libzip/CMakeFiles/CMakeTmp/CMakeFiles 1
Building C object CMakeFiles/cmTryCompileExec1267179992.dir/CheckFunctionExists.c.o
/usr/bin/cc   -DCHECK_FUNCTION_EXISTS=strcasecmp   -o CMakeFiles/cmTryCompileExec1267179992.dir/CheckFunctionExists.c.o   -c /usr/share/cmake/Modules/CheckFunctionExists.c
<command-line>:0:23: warning: conflicting types for built-in function ‘strcasecmp’ [enabled by default]
/usr/share/cmake/Modules/CheckFunctionExists.c:3:6: note: in expansion of macro ‘CHECK_FUNCTION_EXISTS’
 char CHECK_FUNCTION_EXISTS();
      ^
Linking C executable cmTryCompileExec1267179992
/usr/bin/cmake -E cmake_link_script CMakeFiles/cmTryCompileExec1267179992.dir/link.txt --verbose=1
/usr/bin/cc   -DCHECK_FUNCTION_EXISTS=strcasecmp    CMakeFiles/cmTryCompileExec1267179992.dir/CheckFunctionExists.c.o  -o cmTryCompileExec1267179992 -rdynamic 
gmake[1]: Leaving directory `/home/Remdul/git2/libzip/CMakeFiles/CMakeTmp'


Determining if the function strdup exists passed with the following output:
Change Dir: /home/Remdul/git2/libzip/CMakeFiles/CMakeTmp

Run Build Command:/usr/bin/gmake "cmTryCompileExec1800064538/fast"
/usr/bin/gmake -f CMakeFiles/cmTryCompileExec1800064538.dir/build.make CMakeFiles/cmTryCompileExec1800064538.dir/build
gmake[1]: Entering directory `/home/Remdul/git2/libzip/CMakeFiles/CMakeTmp'
/usr/bin/cmake -E cmake_progress_report /home/Remdul/git2/libzip/CMakeFiles/CMakeTmp/CMakeFiles 1
Building C object CMakeFiles/cmTryCompileExec1800064538.dir/CheckFunctionExists.c.o
/usr/bin/cc   -DCHECK_FUNCTION_EXISTS=strdup   -o CMakeFiles/cmTryCompileExec1800064538.dir/CheckFunctionExists.c.o   -c /usr/share/cmake/Modules/CheckFunctionExists.c
<command-line>:0:23: warning: conflicting types for built-in function ‘strdup’ [enabled by default]
/usr/share/cmake/Modules/CheckFunctionExists.c:3:6: note: in expansion of macro ‘CHECK_FUNCTION_EXISTS’
 char CHECK_FUNCTION_EXISTS();
      ^
Linking C executable cmTryCompileExec1800064538
/usr/bin/cmake -E cmake_link_script CMakeFiles/cmTryCompileExec1800064538.dir/link.txt --verbose=1
/usr/bin/cc   -DCHECK_FUNCTION_EXISTS=strdup    CMakeFiles/cmTryCompileExec1800064538.dir/CheckFunctionExists.c.o  -o cmTryCompileExec1800064538 -rdynamic 
gmake[1]: Leaving directory `/home/Remdul/git2/libzip/CMakeFiles/CMakeTmp'


Performing C SOURCE FILE Test HAVE_STRUCT_TM_TM_ZONE succeded with the following output:
Change Dir: /home/Remdul/git2/libzip/CMakeFiles/CMakeTmp

Run Build Command:/usr/bin/gmake "cmTryCompileExec3444209845/fast"
/usr/bin/gmake -f CMakeFiles/cmTryCompileExec3444209845.dir/build.make CMakeFiles/cmTryCompileExec3444209845.dir/build
gmake[1]: Entering directory `/home/Remdul/git2/libzip/CMakeFiles/CMakeTmp'
/usr/bin/cmake -E cmake_progress_report /home/Remdul/git2/libzip/CMakeFiles/CMakeTmp/CMakeFiles 1
Building C object CMakeFiles/cmTryCompileExec3444209845.dir/src.c.o
/usr/bin/cc   -DHAVE_STRUCT_TM_TM_ZONE   -o CMakeFiles/cmTryCompileExec3444209845.dir/src.c.o   -c /home/Remdul/git2/libzip/CMakeFiles/CMakeTmp/src.c
Linking C executable cmTryCompileExec3444209845
/usr/bin/cmake -E cmake_link_script CMakeFiles/cmTryCompileExec3444209845.dir/link.txt --verbose=1
/usr/bin/cc   -DHAVE_STRUCT_TM_TM_ZONE    CMakeFiles/cmTryCompileExec3444209845.dir/src.c.o  -o cmTryCompileExec3444209845 -rdynamic 
gmake[1]: Leaving directory `/home/Remdul/git2/libzip/CMakeFiles/CMakeTmp'

Source file was:

#include <time.h>

int main()
{
   struct tm* tmp;
   tmp->tm_zone;
  return 0;
}

Determining if files strings.h exist passed with the following output:
Change Dir: /home/Remdul/git2/libzip/CMakeFiles/CMakeTmp

Run Build Command:/usr/bin/gmake "cmTryCompileExec2813631163/fast"
/usr/bin/gmake -f CMakeFiles/cmTryCompileExec2813631163.dir/build.make CMakeFiles/cmTryCompileExec2813631163.dir/build
gmake[1]: Entering directory `/home/Remdul/git2/libzip/CMakeFiles/CMakeTmp'
/usr/bin/cmake -E cmake_progress_report /home/Remdul/git2/libzip/CMakeFiles/CMakeTmp/CMakeFiles 1
Building C object CMakeFiles/cmTryCompileExec2813631163.dir/CheckIncludeFiles.c.o
/usr/bin/cc    -o CMakeFiles/cmTryCompileExec2813631163.dir/CheckIncludeFiles.c.o   -c /home/Remdul/git2/libzip/CMakeFiles/CMakeTmp/CheckIncludeFiles.c
Linking C executable cmTryCompileExec2813631163
/usr/bin/cmake -E cmake_link_script CMakeFiles/cmTryCompileExec2813631163.dir/link.txt --verbose=1
/usr/bin/cc       CMakeFiles/cmTryCompileExec2813631163.dir/CheckIncludeFiles.c.o  -o cmTryCompileExec2813631163 -rdynamic 
gmake[1]: Leaving directory `/home/Remdul/git2/libzip/CMakeFiles/CMakeTmp'


Determining if files unistd.h exist passed with the following output:
Change Dir: /home/Remdul/git2/libzip/CMakeFiles/CMakeTmp

Run Build Command:/usr/bin/gmake "cmTryCompileExec66735695/fast"
/usr/bin/gmake -f CMakeFiles/cmTryCompileExec66735695.dir/build.make CMakeFiles/cmTryCompileExec66735695.dir/build
gmake[1]: Entering directory `/home/Remdul/git2/libzip/CMakeFiles/CMakeTmp'
/usr/bin/cmake -E cmake_progress_report /home/Remdul/git2/libzip/CMakeFiles/CMakeTmp/CMakeFiles 1
Building C object CMakeFiles/cmTryCompileExec66735695.dir/CheckIncludeFiles.c.o
/usr/bin/cc    -o CMakeFiles/cmTryCompileExec66735695.dir/CheckIncludeFiles.c.o   -c /home/Remdul/git2/libzip/CMakeFiles/CMakeTmp/CheckIncludeFiles.c
Linking C executable cmTryCompileExec66735695
/usr/bin/cmake -E cmake_link_script CMakeFiles/cmTryCompileExec66735695.dir/link.txt --verbose=1
/usr/bin/cc       CMakeFiles/cmTryCompileExec66735695.dir/CheckIncludeFiles.c.o  -o cmTryCompileExec66735695 -rdynamic 
gmake[1]: Leaving directory `/home/Remdul/git2/libzip/CMakeFiles/CMakeTmp'


Determining if files inttypes.h exist passed with the following output:
Change Dir: /home/Remdul/git2/libzip/CMakeFiles/CMakeTmp

Run Build Command:/usr/bin/gmake "cmTryCompileExec4177527340/fast"
/usr/bin/gmake -f CMakeFiles/cmTryCompileExec4177527340.dir/build.make CMakeFiles/cmTryCompileExec4177527340.dir/build
gmake[1]: Entering directory `/home/Remdul/git2/libzip/CMakeFiles/CMakeTmp'
/usr/bin/cmake -E cmake_progress_report /home/Remdul/git2/libzip/CMakeFiles/CMakeTmp/CMakeFiles 1
Building C object CMakeFiles/cmTryCompileExec4177527340.dir/CheckIncludeFiles.c.o
/usr/bin/cc    -o CMakeFiles/cmTryCompileExec4177527340.dir/CheckIncludeFiles.c.o   -c /home/Remdul/git2/libzip/CMakeFiles/CMakeTmp/CheckIncludeFiles.c
Linking C executable cmTryCompileExec4177527340
/usr/bin/cmake -E cmake_link_script CMakeFiles/cmTryCompileExec4177527340.dir/link.txt --verbose=1
/usr/bin/cc       CMakeFiles/cmTryCompileExec4177527340.dir/CheckIncludeFiles.c.o  -o cmTryCompileExec4177527340 -rdynamic 
gmake[1]: Leaving directory `/home/Remdul/git2/libzip/CMakeFiles/CMakeTmp'


Determining if files stdint.h exist passed with the following output:
Change Dir: /home/Remdul/git2/libzip/CMakeFiles/CMakeTmp

Run Build Command:/usr/bin/gmake "cmTryCompileExec2050349908/fast"
/usr/bin/gmake -f CMakeFiles/cmTryCompileExec2050349908.dir/build.make CMakeFiles/cmTryCompileExec2050349908.dir/build
gmake[1]: Entering directory `/home/Remdul/git2/libzip/CMakeFiles/CMakeTmp'
/usr/bin/cmake -E cmake_progress_report /home/Remdul/git2/libzip/CMakeFiles/CMakeTmp/CMakeFiles 1
Building C object CMakeFiles/cmTryCompileExec2050349908.dir/CheckIncludeFiles.c.o
/usr/bin/cc    -o CMakeFiles/cmTryCompileExec2050349908.dir/CheckIncludeFiles.c.o   -c /home/Remdul/git2/libzip/CMakeFiles/CMakeTmp/CheckIncludeFiles.c
Linking C executable cmTryCompileExec2050349908
/usr/bin/cmake -E cmake_link_script CMakeFiles/cmTryCompileExec2050349908.dir/link.txt --verbose=1
/usr/bin/cc       CMakeFiles/cmTryCompileExec2050349908.dir/CheckIncludeFiles.c.o  -o cmTryCompileExec2050349908 -rdynamic 
gmake[1]: Leaving directory `/home/Remdul/git2/libzip/CMakeFiles/CMakeTmp'


Determining if files sys/types.h exist passed with the following output:
Change Dir: /home/Remdul/git2/libzip/CMakeFiles/CMakeTmp

Run Build Command:/usr/bin/gmake "cmTryCompileExec1297195486/fast"
/usr/bin/gmake -f CMakeFiles/cmTryCompileExec1297195486.dir/build.make CMakeFiles/cmTryCompileExec1297195486.dir/build
gmake[1]: Entering directory `/home/Remdul/git2/libzip/CMakeFiles/CMakeTmp'
/usr/bin/cmake -E cmake_progress_report /home/Remdul/git2/libzip/CMakeFiles/CMakeTmp/CMakeFiles 1
Building C object CMakeFiles/cmTryCompileExec1297195486.dir/CheckIncludeFiles.c.o
/usr/bin/cc    -o CMakeFiles/cmTryCompileExec1297195486.dir/CheckIncludeFiles.c.o   -c /home/Remdul/git2/libzip/CMakeFiles/CMakeTmp/CheckIncludeFiles.c
Linking C executable cmTryCompileExec1297195486
/usr/bin/cmake -E cmake_link_script CMakeFiles/cmTryCompileExec1297195486.dir/link.txt --verbose=1
/usr/bin/cc       CMakeFiles/cmTryCompileExec1297195486.dir/CheckIncludeFiles.c.o  -o cmTryCompileExec1297195486 -rdynamic 
gmake[1]: Leaving directory `/home/Remdul/git2/libzip/CMakeFiles/CMakeTmp'


Determining if the include file sys/types.h exists passed with the following output:
Change Dir: /home/Remdul/git2/libzip/CMakeFiles/CMakeTmp

Run Build Command:/usr/bin/gmake "cmTryCompileExec2346670007/fast"
/usr/bin/gmake -f CMakeFiles/cmTryCompileExec2346670007.dir/build.make CMakeFiles/cmTryCompileExec2346670007.dir/build
gmake[1]: Entering directory `/home/Remdul/git2/libzip/CMakeFiles/CMakeTmp'
/usr/bin/cmake -E cmake_progress_report /home/Remdul/git2/libzip/CMakeFiles/CMakeTmp/CMakeFiles 1
Building C object CMakeFiles/cmTryCompileExec2346670007.dir/CheckIncludeFile.c.o
/usr/bin/cc    -o CMakeFiles/cmTryCompileExec2346670007.dir/CheckIncludeFile.c.o   -c /home/Remdul/git2/libzip/CMakeFiles/CMakeTmp/CheckIncludeFile.c
Linking C executable cmTryCompileExec2346670007
/usr/bin/cmake -E cmake_link_script CMakeFiles/cmTryCompileExec2346670007.dir/link.txt --verbose=1
/usr/bin/cc       CMakeFiles/cmTryCompileExec2346670007.dir/CheckIncludeFile.c.o  -o cmTryCompileExec2346670007 -rdynamic 
gmake[1]: Leaving directory `/home/Remdul/git2/libzip/CMakeFiles/CMakeTmp'


Determining if the include file stdint.h exists passed with the following output:
Change Dir: /home/Remdul/git2/libzip/CMakeFiles/CMakeTmp

Run Build Command:/usr/bin/gmake "cmTryCompileExec2350866059/fast"
/usr/bin/gmake -f CMakeFiles/cmTryCompileExec2350866059.dir/build.make CMakeFiles/cmTryCompileExec2350866059.dir/build
gmake[1]: Entering directory `/home/Remdul/git2/libzip/CMakeFiles/CMakeTmp'
/usr/bin/cmake -E cmake_progress_report /home/Remdul/git2/libzip/CMakeFiles/CMakeTmp/CMakeFiles 1
Building C object CMakeFiles/cmTryCompileExec2350866059.dir/CheckIncludeFile.c.o
/usr/bin/cc    -o CMakeFiles/cmTryCompileExec2350866059.dir/CheckIncludeFile.c.o   -c /home/Remdul/git2/libzip/CMakeFiles/CMakeTmp/CheckIncludeFile.c
Linking C executable cmTryCompileExec2350866059
/usr/bin/cmake -E cmake_link_script CMakeFiles/cmTryCompileExec2350866059.dir/link.txt --verbose=1
/usr/bin/cc       CMakeFiles/cmTryCompileExec2350866059.dir/CheckIncludeFile.c.o  -o cmTryCompileExec2350866059 -rdynamic 
gmake[1]: Leaving directory `/home/Remdul/git2/libzip/CMakeFiles/CMakeTmp'


Determining if the include file stddef.h exists passed with the following output:
Change Dir: /home/Remdul/git2/libzip/CMakeFiles/CMakeTmp

Run Build Command:/usr/bin/gmake "cmTryCompileExec783700387/fast"
/usr/bin/gmake -f CMakeFiles/cmTryCompileExec783700387.dir/build.make CMakeFiles/cmTryCompileExec783700387.dir/build
gmake[1]: Entering directory `/home/Remdul/git2/libzip/CMakeFiles/CMakeTmp'
/usr/bin/cmake -E cmake_progress_report /home/Remdul/git2/libzip/CMakeFiles/CMakeTmp/CMakeFiles 1
Building C object CMakeFiles/cmTryCompileExec783700387.dir/CheckIncludeFile.c.o
/usr/bin/cc    -o CMakeFiles/cmTryCompileExec783700387.dir/CheckIncludeFile.c.o   -c /home/Remdul/git2/libzip/CMakeFiles/CMakeTmp/CheckIncludeFile.c
Linking C executable cmTryCompileExec783700387
/usr/bin/cmake -E cmake_link_script CMakeFiles/cmTryCompileExec783700387.dir/link.txt --verbose=1
/usr/bin/cc       CMakeFiles/cmTryCompileExec783700387.dir/CheckIncludeFile.c.o  -o cmTryCompileExec783700387 -rdynamic 
gmake[1]: Leaving directory `/home/Remdul/git2/libzip/CMakeFiles/CMakeTmp'


Determining size of int8_t passed with the following output:
Change Dir: /home/Remdul/git2/libzip/CMakeFiles/CMakeTmp

Run Build Command:/usr/bin/gmake "cmTryCompileExec2965659609/fast"
/usr/bin/gmake -f CMakeFiles/cmTryCompileExec2965659609.dir/build.make CMakeFiles/cmTryCompileExec2965659609.dir/build
gmake[1]: Entering directory `/home/Remdul/git2/libzip/CMakeFiles/CMakeTmp'
/usr/bin/cmake -E cmake_progress_report /home/Remdul/git2/libzip/CMakeFiles/CMakeTmp/CMakeFiles 1
Building C object CMakeFiles/cmTryCompileExec2965659609.dir/INT8_T_LIBZIP.c.o
/usr/bin/cc    -o CMakeFiles/cmTryCompileExec2965659609.dir/INT8_T_LIBZIP.c.o   -c /home/Remdul/git2/libzip/CMakeFiles/CheckTypeSize/INT8_T_LIBZIP.c
Linking C executable cmTryCompileExec2965659609
/usr/bin/cmake -E cmake_link_script CMakeFiles/cmTryCompileExec2965659609.dir/link.txt --verbose=1
/usr/bin/cc       CMakeFiles/cmTryCompileExec2965659609.dir/INT8_T_LIBZIP.c.o  -o cmTryCompileExec2965659609 -rdynamic 
gmake[1]: Leaving directory `/home/Remdul/git2/libzip/CMakeFiles/CMakeTmp'


Determining size of uint8_t passed with the following output:
Change Dir: /home/Remdul/git2/libzip/CMakeFiles/CMakeTmp

Run Build Command:/usr/bin/gmake "cmTryCompileExec1505509299/fast"
/usr/bin/gmake -f CMakeFiles/cmTryCompileExec1505509299.dir/build.make CMakeFiles/cmTryCompileExec1505509299.dir/build
gmake[1]: Entering directory `/home/Remdul/git2/libzip/CMakeFiles/CMakeTmp'
/usr/bin/cmake -E cmake_progress_report /home/Remdul/git2/libzip/CMakeFiles/CMakeTmp/CMakeFiles 1
Building C object CMakeFiles/cmTryCompileExec1505509299.dir/UINT8_T_LIBZIP.c.o
/usr/bin/cc    -o CMakeFiles/cmTryCompileExec1505509299.dir/UINT8_T_LIBZIP.c.o   -c /home/Remdul/git2/libzip/CMakeFiles/CheckTypeSize/UINT8_T_LIBZIP.c
Linking C executable cmTryCompileExec1505509299
/usr/bin/cmake -E cmake_link_script CMakeFiles/cmTryCompileExec1505509299.dir/link.txt --verbose=1
/usr/bin/cc       CMakeFiles/cmTryCompileExec1505509299.dir/UINT8_T_LIBZIP.c.o  -o cmTryCompileExec1505509299 -rdynamic 
gmake[1]: Leaving directory `/home/Remdul/git2/libzip/CMakeFiles/CMakeTmp'


Determining size of int16_t passed with the following output:
Change Dir: /home/Remdul/git2/libzip/CMakeFiles/CMakeTmp

Run Build Command:/usr/bin/gmake "cmTryCompileExec1434706144/fast"
/usr/bin/gmake -f CMakeFiles/cmTryCompileExec1434706144.dir/build.make CMakeFiles/cmTryCompileExec1434706144.dir/build
gmake[1]: Entering directory `/home/Remdul/git2/libzip/CMakeFiles/CMakeTmp'
/usr/bin/cmake -E cmake_progress_report /home/Remdul/git2/libzip/CMakeFiles/CMakeTmp/CMakeFiles 1
Building C object CMakeFiles/cmTryCompileExec1434706144.dir/INT16_T_LIBZIP.c.o
/usr/bin/cc    -o CMakeFiles/cmTryCompileExec1434706144.dir/INT16_T_LIBZIP.c.o   -c /home/Remdul/git2/libzip/CMakeFiles/CheckTypeSize/INT16_T_LIBZIP.c
Linking C executable cmTryCompileExec1434706144
/usr/bin/cmake -E cmake_link_script CMakeFiles/cmTryCompileExec1434706144.dir/link.txt --verbose=1
/usr/bin/cc       CMakeFiles/cmTryCompileExec1434706144.dir/INT16_T_LIBZIP.c.o  -o cmTryCompileExec1434706144 -rdynamic 
gmake[1]: Leaving directory `/home/Remdul/git2/libzip/CMakeFiles/CMakeTmp'


Determining size of uint16_t passed with the following output:
Change Dir: /home/Remdul/git2/libzip/CMakeFiles/CMakeTmp

Run Build Command:/usr/bin/gmake "cmTryCompileExec3790874431/fast"
/usr/bin/gmake -f CMakeFiles/cmTryCompileExec3790874431.dir/build.make CMakeFiles/cmTryCompileExec3790874431.dir/build
gmake[1]: Entering directory `/home/Remdul/git2/libzip/CMakeFiles/CMakeTmp'
/usr/bin/cmake -E cmake_progress_report /home/Remdul/git2/libzip/CMakeFiles/CMakeTmp/CMakeFiles 1
Building C object CMakeFiles/cmTryCompileExec3790874431.dir/UINT16_T_LIBZIP.c.o
/usr/bin/cc    -o CMakeFiles/cmTryCompileExec3790874431.dir/UINT16_T_LIBZIP.c.o   -c /home/Remdul/git2/libzip/CMakeFiles/CheckTypeSize/UINT16_T_LIBZIP.c
Linking C executable cmTryCompileExec3790874431
/usr/bin/cmake -E cmake_link_script CMakeFiles/cmTryCompileExec3790874431.dir/link.txt --verbose=1
/usr/bin/cc       CMakeFiles/cmTryCompileExec3790874431.dir/UINT16_T_LIBZIP.c.o  -o cmTryCompileExec3790874431 -rdynamic 
gmake[1]: Leaving directory `/home/Remdul/git2/libzip/CMakeFiles/CMakeTmp'


Determining size of int32_t passed with the following output:
Change Dir: /home/Remdul/git2/libzip/CMakeFiles/CMakeTmp

Run Build Command:/usr/bin/gmake "cmTryCompileExec2774433140/fast"
/usr/bin/gmake -f CMakeFiles/cmTryCompileExec2774433140.dir/build.make CMakeFiles/cmTryCompileExec2774433140.dir/build
gmake[1]: Entering directory `/home/Remdul/git2/libzip/CMakeFiles/CMakeTmp'
/usr/bin/cmake -E cmake_progress_report /home/Remdul/git2/libzip/CMakeFiles/CMakeTmp/CMakeFiles 1
Building C object CMakeFiles/cmTryCompileExec2774433140.dir/INT32_T_LIBZIP.c.o
/usr/bin/cc    -o CMakeFiles/cmTryCompileExec2774433140.dir/INT32_T_LIBZIP.c.o   -c /home/Remdul/git2/libzip/CMakeFiles/CheckTypeSize/INT32_T_LIBZIP.c
Linking C executable cmTryCompileExec2774433140
/usr/bin/cmake -E cmake_link_script CMakeFiles/cmTryCompileExec2774433140.dir/link.txt --verbose=1
/usr/bin/cc       CMakeFiles/cmTryCompileExec2774433140.dir/INT32_T_LIBZIP.c.o  -o cmTryCompileExec2774433140 -rdynamic 
gmake[1]: Leaving directory `/home/Remdul/git2/libzip/CMakeFiles/CMakeTmp'


Determining size of uint32_t passed with the following output:
Change Dir: /home/Remdul/git2/libzip/CMakeFiles/CMakeTmp

Run Build Command:/usr/bin/gmake "cmTryCompileExec4073730847/fast"
/usr/bin/gmake -f CMakeFiles/cmTryCompileExec4073730847.dir/build.make CMakeFiles/cmTryCompileExec4073730847.dir/build
gmake[1]: Entering directory `/home/Remdul/git2/libzip/CMakeFiles/CMakeTmp'
/usr/bin/cmake -E cmake_progress_report /home/Remdul/git2/libzip/CMakeFiles/CMakeTmp/CMakeFiles 1
Building C object CMakeFiles/cmTryCompileExec4073730847.dir/UINT32_T_LIBZIP.c.o
/usr/bin/cc    -o CMakeFiles/cmTryCompileExec4073730847.dir/UINT32_T_LIBZIP.c.o   -c /home/Remdul/git2/libzip/CMakeFiles/CheckTypeSize/UINT32_T_LIBZIP.c
Linking C executable cmTryCompileExec4073730847
/usr/bin/cmake -E cmake_link_script CMakeFiles/cmTryCompileExec4073730847.dir/link.txt --verbose=1
/usr/bin/cc       CMakeFiles/cmTryCompileExec4073730847.dir/UINT32_T_LIBZIP.c.o  -o cmTryCompileExec4073730847 -rdynamic 
gmake[1]: Leaving directory `/home/Remdul/git2/libzip/CMakeFiles/CMakeTmp'


Determining size of int64_t passed with the following output:
Change Dir: /home/Remdul/git2/libzip/CMakeFiles/CMakeTmp

Run Build Command:/usr/bin/gmake "cmTryCompileExec2153854946/fast"
/usr/bin/gmake -f CMakeFiles/cmTryCompileExec2153854946.dir/build.make CMakeFiles/cmTryCompileExec2153854946.dir/build
gmake[1]: Entering directory `/home/Remdul/git2/libzip/CMakeFiles/CMakeTmp'
/usr/bin/cmake -E cmake_progress_report /home/Remdul/git2/libzip/CMakeFiles/CMakeTmp/CMakeFiles 1
Building C object CMakeFiles/cmTryCompileExec2153854946.dir/INT64_T_LIBZIP.c.o
/usr/bin/cc    -o CMakeFiles/cmTryCompileExec2153854946.dir/INT64_T_LIBZIP.c.o   -c /home/Remdul/git2/libzip/CMakeFiles/CheckTypeSize/INT64_T_LIBZIP.c
Linking C executable cmTryCompileExec2153854946
/usr/bin/cmake -E cmake_link_script CMakeFiles/cmTryCompileExec2153854946.dir/link.txt --verbose=1
/usr/bin/cc       CMakeFiles/cmTryCompileExec2153854946.dir/INT64_T_LIBZIP.c.o  -o cmTryCompileExec2153854946 -rdynamic 
gmake[1]: Leaving directory `/home/Remdul/git2/libzip/CMakeFiles/CMakeTmp'


Determining size of uint64_t passed with the following output:
Change Dir: /home/Remdul/git2/libzip/CMakeFiles/CMakeTmp

Run Build Command:/usr/bin/gmake "cmTryCompileExec437238280/fast"
/usr/bin/gmake -f CMakeFiles/cmTryCompileExec437238280.dir/build.make CMakeFiles/cmTryCompileExec437238280.dir/build
gmake[1]: Entering directory `/home/Remdul/git2/libzip/CMakeFiles/CMakeTmp'
/usr/bin/cmake -E cmake_progress_report /home/Remdul/git2/libzip/CMakeFiles/CMakeTmp/CMakeFiles 1
Building C object CMakeFiles/cmTryCompileExec437238280.dir/UINT64_T_LIBZIP.c.o
/usr/bin/cc    -o CMakeFiles/cmTryCompileExec437238280.dir/UINT64_T_LIBZIP.c.o   -c /home/Remdul/git2/libzip/CMakeFiles/CheckTypeSize/UINT64_T_LIBZIP.c
Linking C executable cmTryCompileExec437238280
/usr/bin/cmake -E cmake_link_script CMakeFiles/cmTryCompileExec437238280.dir/link.txt --verbose=1
/usr/bin/cc       CMakeFiles/cmTryCompileExec437238280.dir/UINT64_T_LIBZIP.c.o  -o cmTryCompileExec437238280 -rdynamic 
gmake[1]: Leaving directory `/home/Remdul/git2/libzip/CMakeFiles/CMakeTmp'


Determining size of short passed with the following output:
Change Dir: /home/Remdul/git2/libzip/CMakeFiles/CMakeTmp

Run Build Command:/usr/bin/gmake "cmTryCompileExec1655001866/fast"
/usr/bin/gmake -f CMakeFiles/cmTryCompileExec1655001866.dir/build.make CMakeFiles/cmTryCompileExec1655001866.dir/build
gmake[1]: Entering directory `/home/Remdul/git2/libzip/CMakeFiles/CMakeTmp'
/usr/bin/cmake -E cmake_progress_report /home/Remdul/git2/libzip/CMakeFiles/CMakeTmp/CMakeFiles 1
Building C object CMakeFiles/cmTryCompileExec1655001866.dir/SHORT_LIBZIP.c.o
/usr/bin/cc    -o CMakeFiles/cmTryCompileExec1655001866.dir/SHORT_LIBZIP.c.o   -c /home/Remdul/git2/libzip/CMakeFiles/CheckTypeSize/SHORT_LIBZIP.c
Linking C executable cmTryCompileExec1655001866
/usr/bin/cmake -E cmake_link_script CMakeFiles/cmTryCompileExec1655001866.dir/link.txt --verbose=1
/usr/bin/cc       CMakeFiles/cmTryCompileExec1655001866.dir/SHORT_LIBZIP.c.o  -o cmTryCompileExec1655001866 -rdynamic 
gmake[1]: Leaving directory `/home/Remdul/git2/libzip/CMakeFiles/CMakeTmp'


Determining size of int passed with the following output:
Change Dir: /home/Remdul/git2/libzip/CMakeFiles/CMakeTmp

Run Build Command:/usr/bin/gmake "cmTryCompileExec399981842/fast"
/usr/bin/gmake -f CMakeFiles/cmTryCompileExec399981842.dir/build.make CMakeFiles/cmTryCompileExec399981842.dir/build
gmake[1]: Entering directory `/home/Remdul/git2/libzip/CMakeFiles/CMakeTmp'
/usr/bin/cmake -E cmake_progress_report /home/Remdul/git2/libzip/CMakeFiles/CMakeTmp/CMakeFiles 1
Building C object CMakeFiles/cmTryCompileExec399981842.dir/INT_LIBZIP.c.o
/usr/bin/cc    -o CMakeFiles/cmTryCompileExec399981842.dir/INT_LIBZIP.c.o   -c /home/Remdul/git2/libzip/CMakeFiles/CheckTypeSize/INT_LIBZIP.c
Linking C executable cmTryCompileExec399981842
/usr/bin/cmake -E cmake_link_script CMakeFiles/cmTryCompileExec399981842.dir/link.txt --verbose=1
/usr/bin/cc       CMakeFiles/cmTryCompileExec399981842.dir/INT_LIBZIP.c.o  -o cmTryCompileExec399981842 -rdynamic 
gmake[1]: Leaving directory `/home/Remdul/git2/libzip/CMakeFiles/CMakeTmp'


Determining size of long passed with the following output:
Change Dir: /home/Remdul/git2/libzip/CMakeFiles/CMakeTmp

Run Build Command:/usr/bin/gmake "cmTryCompileExec4135813148/fast"
/usr/bin/gmake -f CMakeFiles/cmTryCompileExec4135813148.dir/build.make CMakeFiles/cmTryCompileExec4135813148.dir/build
gmake[1]: Entering directory `/home/Remdul/git2/libzip/CMakeFiles/CMakeTmp'
/usr/bin/cmake -E cmake_progress_report /home/Remdul/git2/libzip/CMakeFiles/CMakeTmp/CMakeFiles 1
Building C object CMakeFiles/cmTryCompileExec4135813148.dir/LONG_LIBZIP.c.o
/usr/bin/cc    -o CMakeFiles/cmTryCompileExec4135813148.dir/LONG_LIBZIP.c.o   -c /home/Remdul/git2/libzip/CMakeFiles/CheckTypeSize/LONG_LIBZIP.c
Linking C executable cmTryCompileExec4135813148
/usr/bin/cmake -E cmake_link_script CMakeFiles/cmTryCompileExec4135813148.dir/link.txt --verbose=1
/usr/bin/cc       CMakeFiles/cmTryCompileExec4135813148.dir/LONG_LIBZIP.c.o  -o cmTryCompileExec4135813148 -rdynamic 
gmake[1]: Leaving directory `/home/Remdul/git2/libzip/CMakeFiles/CMakeTmp'


Determining size of long long passed with the following output:
Change Dir: /home/Remdul/git2/libzip/CMakeFiles/CMakeTmp

Run Build Command:/usr/bin/gmake "cmTryCompileExec124876384/fast"
/usr/bin/gmake -f CMakeFiles/cmTryCompileExec124876384.dir/build.make CMakeFiles/cmTryCompileExec124876384.dir/build
gmake[1]: Entering directory `/home/Remdul/git2/libzip/CMakeFiles/CMakeTmp'
/usr/bin/cmake -E cmake_progress_report /home/Remdul/git2/libzip/CMakeFiles/CMakeTmp/CMakeFiles 1
Building C object CMakeFiles/cmTryCompileExec124876384.dir/LONG_LONG_LIBZIP.c.o
/usr/bin/cc    -o CMakeFiles/cmTryCompileExec124876384.dir/LONG_LONG_LIBZIP.c.o   -c /home/Remdul/git2/libzip/CMakeFiles/CheckTypeSize/LONG_LONG_LIBZIP.c
Linking C executable cmTryCompileExec124876384
/usr/bin/cmake -E cmake_link_script CMakeFiles/cmTryCompileExec124876384.dir/link.txt --verbose=1
/usr/bin/cc       CMakeFiles/cmTryCompileExec124876384.dir/LONG_LONG_LIBZIP.c.o  -o cmTryCompileExec124876384 -rdynamic 
gmake[1]: Leaving directory `/home/Remdul/git2/libzip/CMakeFiles/CMakeTmp'


Determining size of off_t passed with the following output:
Change Dir: /home/Remdul/git2/libzip/CMakeFiles/CMakeTmp

Run Build Command:/usr/bin/gmake "cmTryCompileExec3518120988/fast"
/usr/bin/gmake -f CMakeFiles/cmTryCompileExec3518120988.dir/build.make CMakeFiles/cmTryCompileExec3518120988.dir/build
gmake[1]: Entering directory `/home/Remdul/git2/libzip/CMakeFiles/CMakeTmp'
/usr/bin/cmake -E cmake_progress_report /home/Remdul/git2/libzip/CMakeFiles/CMakeTmp/CMakeFiles 1
Building C object CMakeFiles/cmTryCompileExec3518120988.dir/SIZEOF_OFF_T.c.o
/usr/bin/cc    -o CMakeFiles/cmTryCompileExec3518120988.dir/SIZEOF_OFF_T.c.o   -c /home/Remdul/git2/libzip/CMakeFiles/CheckTypeSize/SIZEOF_OFF_T.c
Linking C executable cmTryCompileExec3518120988
/usr/bin/cmake -E cmake_link_script CMakeFiles/cmTryCompileExec3518120988.dir/link.txt --verbose=1
/usr/bin/cc       CMakeFiles/cmTryCompileExec3518120988.dir/SIZEOF_OFF_T.c.o  -o cmTryCompileExec3518120988 -rdynamic 
gmake[1]: Leaving directory `/home/Remdul/git2/libzip/CMakeFiles/CMakeTmp'


Determining size of size_t passed with the following output:
Change Dir: /home/Remdul/git2/libzip/CMakeFiles/CMakeTmp

Run Build Command:/usr/bin/gmake "cmTryCompileExec364739927/fast"
/usr/bin/gmake -f CMakeFiles/cmTryCompileExec364739927.dir/build.make CMakeFiles/cmTryCompileExec364739927.dir/build
gmake[1]: Entering directory `/home/Remdul/git2/libzip/CMakeFiles/CMakeTmp'
/usr/bin/cmake -E cmake_progress_report /home/Remdul/git2/libzip/CMakeFiles/CMakeTmp/CMakeFiles 1
Building C object CMakeFiles/cmTryCompileExec364739927.dir/SIZE_T_LIBZIP.c.o
/usr/bin/cc    -o CMakeFiles/cmTryCompileExec364739927.dir/SIZE_T_LIBZIP.c.o   -c /home/Remdul/git2/libzip/CMakeFiles/CheckTypeSize/SIZE_T_LIBZIP.c
Linking C executable cmTryCompileExec364739927
/usr/bin/cmake -E cmake_link_script CMakeFiles/cmTryCompileExec364739927.dir/link.txt --verbose=1
/usr/bin/cc       CMakeFiles/cmTryCompileExec364739927.dir/SIZE_T_LIBZIP.c.o  -o cmTryCompileExec364739927 -rdynamic 
gmake[1]: Leaving directory `/home/Remdul/git2/libzip/CMakeFiles/CMakeTmp'


Determining size of ssize_t passed with the following output:
Change Dir: /home/Remdul/git2/libzip/CMakeFiles/CMakeTmp

Run Build Command:/usr/bin/gmake "cmTryCompileExec3730963719/fast"
/usr/bin/gmake -f CMakeFiles/cmTryCompileExec3730963719.dir/build.make CMakeFiles/cmTryCompileExec3730963719.dir/build
gmake[1]: Entering directory `/home/Remdul/git2/libzip/CMakeFiles/CMakeTmp'
/usr/bin/cmake -E cmake_progress_report /home/Remdul/git2/libzip/CMakeFiles/CMakeTmp/CMakeFiles 1
Building C object CMakeFiles/cmTryCompileExec3730963719.dir/SSIZE_T_LIBZIP.c.o
/usr/bin/cc    -o CMakeFiles/cmTryCompileExec3730963719.dir/SSIZE_T_LIBZIP.c.o   -c /home/Remdul/git2/libzip/CMakeFiles/CheckTypeSize/SSIZE_T_LIBZIP.c
Linking C executable cmTryCompileExec3730963719
/usr/bin/cmake -E cmake_link_script CMakeFiles/cmTryCompileExec3730963719.dir/link.txt --verbose=1
/usr/bin/cc       CMakeFiles/cmTryCompileExec3730963719.dir/SSIZE_T_LIBZIP.c.o  -o cmTryCompileExec3730963719 -rdynamic 
gmake[1]: Leaving directory `/home/Remdul/git2/libzip/CMakeFiles/CMakeTmp'


