This file contains any messages produced by compilers while
running configure, to aid debugging if configure makes a mistake.

It was created by GeographicLib configure 1.36, which was
generated by GNU Autoconf 2.69.  Invocation command line was

  $ ./configure 

## --------- ##
## Platform. ##
## --------- ##

hostname = localhost
uname -m = x86_64
uname -r = 3.11.10-301.fc20.x86_64
uname -s = Linux
uname -v = #1 SMP Thu Dec 5 14:01:17 UTC 2013

/usr/bin/uname -p = x86_64
/bin/uname -X     = unknown

/bin/arch              = x86_64
/usr/bin/arch -k       = unknown
/usr/convex/getsysinfo = unknown
/usr/bin/hostinfo      = unknown
/bin/machine           = unknown
/usr/bin/oslevel       = unknown
/bin/universe          = unknown

PATH: /usr/local/bin
PATH: /usr/bin
PATH: /bin
PATH: /usr/local/sbin
PATH: /usr/sbin
PATH: /home/Remdul/.local/bin
PATH: /home/Remdul/bin


## ----------- ##
## Core tests. ##
## ----------- ##

configure:2447: checking build system type
configure:2461: result: x86_64-unknown-linux-gnu
configure:2481: checking host system type
configure:2494: result: x86_64-unknown-linux-gnu
configure:2514: checking target system type
configure:2527: result: x86_64-unknown-linux-gnu
configure:2573: checking for a BSD-compatible install
configure:2641: result: /usr/bin/install -c
configure:2652: checking whether build environment is sane
configure:2707: result: yes
configure:2858: checking for a thread-safe mkdir -p
configure:2897: result: /usr/bin/mkdir -p
configure:2904: checking for gawk
configure:2920: found /usr/bin/gawk
configure:2931: result: gawk
configure:2942: checking whether make sets $(MAKE)
configure:2964: result: yes
configure:3074: checking whether to enable maintainer-specific portions of Makefiles
configure:3083: result: no
configure:3120: checking for style of include used by make
configure:3148: result: GNU
configure:3219: checking for gcc
configure:3235: found /usr/bin/gcc
configure:3246: result: gcc
configure:3475: checking for C compiler version
configure:3484: gcc --version >&5
gcc (GCC) 4.8.3 20140624 (Red Hat 4.8.3-1)
Copyright (C) 2013 Free Software Foundation, Inc.
This is free software; see the source for copying conditions.  There is NO
warranty; not even for MERCHANTABILITY or FITNESS FOR A PARTICULAR PURPOSE.

configure:3495: $? = 0
configure:3484: gcc -v >&5
Using built-in specs.
COLLECT_GCC=gcc
COLLECT_LTO_WRAPPER=/usr/libexec/gcc/x86_64-redhat-linux/4.8.3/lto-wrapper
Target: x86_64-redhat-linux
Configured with: ../configure --prefix=/usr --mandir=/usr/share/man --infodir=/usr/share/info --with-bugurl=http://bugzilla.redhat.com/bugzilla --enable-bootstrap --enable-shared --enable-threads=posix --enable-checking=release --with-system-zlib --enable-__cxa_atexit --disable-libunwind-exceptions --enable-gnu-unique-object --enable-linker-build-id --with-linker-hash-style=gnu --enable-languages=c,c++,objc,obj-c++,java,fortran,ada,go,lto --enable-plugin --enable-initfini-array --enable-java-awt=gtk --disable-dssi --with-java-home=/usr/lib/jvm/java-1.5.0-gcj-1.5.0.0/jre --enable-libgcj-multifile --enable-java-maintainer-mode --with-ecj-jar=/usr/share/java/eclipse-ecj.jar --disable-libjava-multilib --with-isl=/builddir/build/BUILD/gcc-4.8.3-20140624/obj-x86_64-redhat-linux/isl-install --with-cloog=/builddir/build/BUILD/gcc-4.8.3-20140624/obj-x86_64-redhat-linux/cloog-install --with-tune=generic --with-arch_32=i686 --build=x86_64-redhat-linux
Thread model: posix
gcc version 4.8.3 20140624 (Red Hat 4.8.3-1) (GCC) 
configure:3495: $? = 0
configure:3484: gcc -V >&5
gcc: error: unrecognized command line option '-V'
gcc: fatal error: no input files
compilation terminated.
configure:3495: $? = 4
configure:3484: gcc -qversion >&5
gcc: error: unrecognized command line option '-qversion'
gcc: fatal error: no input files
compilation terminated.
configure:3495: $? = 4
configure:3515: checking whether the C compiler works
configure:3537: gcc    conftest.c  >&5
configure:3541: $? = 0
configure:3589: result: yes
configure:3592: checking for C compiler default output file name
configure:3594: result: a.out
configure:3600: checking for suffix of executables
configure:3607: gcc -o conftest    conftest.c  >&5
configure:3611: $? = 0
configure:3633: result: 
configure:3655: checking whether we are cross compiling
configure:3663: gcc -o conftest    conftest.c  >&5
configure:3667: $? = 0
configure:3674: ./conftest
configure:3678: $? = 0
configure:3693: result: no
configure:3698: checking for suffix of object files
configure:3720: gcc -c   conftest.c >&5
configure:3724: $? = 0
configure:3745: result: o
configure:3749: checking whether we are using the GNU C compiler
configure:3768: gcc -c   conftest.c >&5
configure:3768: $? = 0
configure:3777: result: yes
configure:3786: checking whether gcc accepts -g
configure:3806: gcc -c -g  conftest.c >&5
configure:3806: $? = 0
configure:3847: result: yes
configure:3864: checking for gcc option to accept ISO C89
configure:3927: gcc  -c -g -O2  conftest.c >&5
configure:3927: $? = 0
configure:3940: result: none needed
configure:3962: checking dependency style of gcc
configure:4073: result: gcc3
configure:4093: checking how to run the C preprocessor
configure:4124: gcc -E  conftest.c
configure:4124: $? = 0
configure:4138: gcc -E  conftest.c
conftest.c:14:28: fatal error: ac_nonexistent.h: No such file or directory
 #include <ac_nonexistent.h>
                            ^
compilation terminated.
configure:4138: $? = 1
configure: failed program was:
| /* confdefs.h */
| #define PACKAGE_NAME "GeographicLib"
| #define PACKAGE_TARNAME "geographiclib"
| #define PACKAGE_VERSION "1.36"
| #define PACKAGE_STRING "GeographicLib 1.36"
| #define PACKAGE_BUGREPORT "charles@karney.com"
| #define PACKAGE_URL ""
| #define PACKAGE "geographiclib"
| #define VERSION "1.36"
| #define GEOGRAPHICLIB_VERSION_MAJOR 1
| #define GEOGRAPHICLIB_VERSION_MINOR 36
| #define GEOGRAPHICLIB_VERSION_PATCH 0
| /* end confdefs.h.  */
| #include <ac_nonexistent.h>
configure:4163: result: gcc -E
configure:4183: gcc -E  conftest.c
configure:4183: $? = 0
configure:4197: gcc -E  conftest.c
conftest.c:14:28: fatal error: ac_nonexistent.h: No such file or directory
 #include <ac_nonexistent.h>
                            ^
compilation terminated.
configure:4197: $? = 1
configure: failed program was:
| /* confdefs.h */
| #define PACKAGE_NAME "GeographicLib"
| #define PACKAGE_TARNAME "geographiclib"
| #define PACKAGE_VERSION "1.36"
| #define PACKAGE_STRING "GeographicLib 1.36"
| #define PACKAGE_BUGREPORT "charles@karney.com"
| #define PACKAGE_URL ""
| #define PACKAGE "geographiclib"
| #define VERSION "1.36"
| #define GEOGRAPHICLIB_VERSION_MAJOR 1
| #define GEOGRAPHICLIB_VERSION_MINOR 36
| #define GEOGRAPHICLIB_VERSION_PATCH 0
| /* end confdefs.h.  */
| #include <ac_nonexistent.h>
configure:4225: checking whether make sets $(MAKE)
configure:4247: result: yes
configure:4315: checking for g++
configure:4331: found /usr/bin/g++
configure:4342: result: g++
configure:4369: checking for C++ compiler version
configure:4378: g++ --version >&5
g++ (GCC) 4.8.3 20140624 (Red Hat 4.8.3-1)
Copyright (C) 2013 Free Software Foundation, Inc.
This is free software; see the source for copying conditions.  There is NO
warranty; not even for MERCHANTABILITY or FITNESS FOR A PARTICULAR PURPOSE.

configure:4389: $? = 0
configure:4378: g++ -v >&5
Using built-in specs.
COLLECT_GCC=g++
COLLECT_LTO_WRAPPER=/usr/libexec/gcc/x86_64-redhat-linux/4.8.3/lto-wrapper
Target: x86_64-redhat-linux
Configured with: ../configure --prefix=/usr --mandir=/usr/share/man --infodir=/usr/share/info --with-bugurl=http://bugzilla.redhat.com/bugzilla --enable-bootstrap --enable-shared --enable-threads=posix --enable-checking=release --with-system-zlib --enable-__cxa_atexit --disable-libunwind-exceptions --enable-gnu-unique-object --enable-linker-build-id --with-linker-hash-style=gnu --enable-languages=c,c++,objc,obj-c++,java,fortran,ada,go,lto --enable-plugin --enable-initfini-array --enable-java-awt=gtk --disable-dssi --with-java-home=/usr/lib/jvm/java-1.5.0-gcj-1.5.0.0/jre --enable-libgcj-multifile --enable-java-maintainer-mode --with-ecj-jar=/usr/share/java/eclipse-ecj.jar --disable-libjava-multilib --with-isl=/builddir/build/BUILD/gcc-4.8.3-20140624/obj-x86_64-redhat-linux/isl-install --with-cloog=/builddir/build/BUILD/gcc-4.8.3-20140624/obj-x86_64-redhat-linux/cloog-install --with-tune=generic --with-arch_32=i686 --build=x86_64-redhat-linux
Thread model: posix
gcc version 4.8.3 20140624 (Red Hat 4.8.3-1) (GCC) 
configure:4389: $? = 0
configure:4378: g++ -V >&5
g++: error: unrecognized command line option '-V'
g++: fatal error: no input files
compilation terminated.
configure:4389: $? = 4
configure:4378: g++ -qversion >&5
g++: error: unrecognized command line option '-qversion'
g++: fatal error: no input files
compilation terminated.
configure:4389: $? = 4
configure:4393: checking whether we are using the GNU C++ compiler
configure:4412: g++ -c   conftest.cpp >&5
configure:4412: $? = 0
configure:4421: result: yes
configure:4430: checking whether g++ accepts -g
configure:4450: g++ -c -g  conftest.cpp >&5
configure:4450: $? = 0
configure:4491: result: yes
configure:4516: checking dependency style of g++
configure:4627: result: gcc3
configure:4688: checking how to print strings
configure:4715: result: printf
configure:4736: checking for a sed that does not truncate output
configure:4800: result: /usr/bin/sed
configure:4818: checking for grep that handles long lines and -e
configure:4876: result: /usr/bin/grep
configure:4881: checking for egrep
configure:4943: result: /usr/bin/grep -E
configure:4948: checking for fgrep
configure:5010: result: /usr/bin/grep -F
configure:5045: checking for ld used by gcc
configure:5112: result: /usr/bin/ld
configure:5119: checking if the linker (/usr/bin/ld) is GNU ld
configure:5134: result: yes
configure:5146: checking for BSD- or MS-compatible name lister (nm)
configure:5195: result: /usr/bin/nm -B
configure:5325: checking the name lister (/usr/bin/nm -B) interface
configure:5332: gcc -c -g -O2  conftest.c >&5
configure:5335: /usr/bin/nm -B "conftest.o"
configure:5338: output
0000000000000000 B some_variable
configure:5345: result: BSD nm
configure:5348: checking whether ln -s works
configure:5352: result: yes
configure:5360: checking the maximum length of command line arguments
configure:5490: result: 1572864
configure:5507: checking whether the shell understands some XSI constructs
configure:5517: result: yes
configure:5521: checking whether the shell understands "+="
configure:5527: result: yes
configure:5562: checking how to convert x86_64-unknown-linux-gnu file names to x86_64-unknown-linux-gnu format
configure:5602: result: func_convert_file_noop
configure:5609: checking how to convert x86_64-unknown-linux-gnu file names to toolchain format
configure:5629: result: func_convert_file_noop
configure:5636: checking for /usr/bin/ld option to reload object files
configure:5643: result: -r
configure:5717: checking for objdump
configure:5733: found /usr/bin/objdump
configure:5744: result: objdump
configure:5776: checking how to recognize dependent libraries
configure:5978: result: pass_all
configure:6063: checking for dlltool
configure:6093: result: no
configure:6123: checking how to associate runtime and link libraries
configure:6150: result: printf %s\n
configure:6211: checking for ar
configure:6227: found /usr/bin/ar
configure:6238: result: ar
configure:6275: checking for archiver @FILE support
configure:6292: gcc -c -g -O2  conftest.c >&5
configure:6292: $? = 0
configure:6295: ar cru libconftest.a @conftest.lst >&5
configure:6298: $? = 0
configure:6303: ar cru libconftest.a @conftest.lst >&5
ar: conftest.o: No such file or directory
configure:6306: $? = 1
configure:6318: result: @
configure:6376: checking for strip
configure:6392: found /usr/bin/strip
configure:6403: result: strip
configure:6475: checking for ranlib
configure:6491: found /usr/bin/ranlib
configure:6502: result: ranlib
configure:6604: checking command to parse /usr/bin/nm -B output from gcc object
configure:6724: gcc -c -g -O2  conftest.c >&5
configure:6727: $? = 0
configure:6731: /usr/bin/nm -B conftest.o \| sed -n -e 's/^.*[ ]\([ABCDGIRSTW][ABCDGIRSTW]*\)[ ][ ]*\([_A-Za-z][_A-Za-z0-9]*\)$/\1 \2 \2/p' | sed '/ __gnu_lto/d' \> conftest.nm
configure:6734: $? = 0
configure:6800: gcc -o conftest -g -O2   conftest.c conftstm.o >&5
configure:6803: $? = 0
configure:6841: result: ok
configure:6878: checking for sysroot
configure:6908: result: no
configure:6985: gcc -c -g -O2  conftest.c >&5
configure:6988: $? = 0
configure:7164: checking for mt
configure:7194: result: no
configure:7214: checking if : is a manifest tool
configure:7220: : '-?'
configure:7228: result: no
configure:7866: checking for ANSI C header files
configure:7886: gcc -c -g -O2  conftest.c >&5
configure:7886: $? = 0
configure:7959: gcc -o conftest -g -O2   conftest.c  >&5
configure:7959: $? = 0
configure:7959: ./conftest
configure:7959: $? = 0
configure:7970: result: yes
configure:7983: checking for sys/types.h
configure:7983: gcc -c -g -O2  conftest.c >&5
configure:7983: $? = 0
configure:7983: result: yes
configure:7983: checking for sys/stat.h
configure:7983: gcc -c -g -O2  conftest.c >&5
configure:7983: $? = 0
configure:7983: result: yes
configure:7983: checking for stdlib.h
configure:7983: gcc -c -g -O2  conftest.c >&5
configure:7983: $? = 0
configure:7983: result: yes
configure:7983: checking for string.h
configure:7983: gcc -c -g -O2  conftest.c >&5
configure:7983: $? = 0
configure:7983: result: yes
configure:7983: checking for memory.h
configure:7983: gcc -c -g -O2  conftest.c >&5
configure:7983: $? = 0
configure:7983: result: yes
configure:7983: checking for strings.h
configure:7983: gcc -c -g -O2  conftest.c >&5
configure:7983: $? = 0
configure:7983: result: yes
configure:7983: checking for inttypes.h
configure:7983: gcc -c -g -O2  conftest.c >&5
configure:7983: $? = 0
configure:7983: result: yes
configure:7983: checking for stdint.h
configure:7983: gcc -c -g -O2  conftest.c >&5
configure:7983: $? = 0
configure:7983: result: yes
configure:7983: checking for unistd.h
configure:7983: gcc -c -g -O2  conftest.c >&5
configure:7983: $? = 0
configure:7983: result: yes
configure:7997: checking for dlfcn.h
configure:7997: gcc -c -g -O2  conftest.c >&5
configure:7997: $? = 0
configure:7997: result: yes
configure:8214: checking for objdir
configure:8229: result: .libs
configure:8500: checking if gcc supports -fno-rtti -fno-exceptions
configure:8518: gcc -c -g -O2  -fno-rtti -fno-exceptions conftest.c >&5
cc1: warning: command line option '-fno-rtti' is valid for C++/ObjC++ but not for C [enabled by default]
configure:8522: $? = 0
configure:8535: result: no
configure:8862: checking for gcc option to produce PIC
configure:8869: result: -fPIC -DPIC
configure:8877: checking if gcc PIC flag -fPIC -DPIC works
configure:8895: gcc -c -g -O2  -fPIC -DPIC -DPIC conftest.c >&5
configure:8899: $? = 0
configure:8912: result: yes
configure:8941: checking if gcc static flag -static works
configure:8969: result: no
configure:8984: checking if gcc supports -c -o file.o
configure:9005: gcc -c -g -O2  -o out/conftest2.o conftest.c >&5
configure:9009: $? = 0
configure:9031: result: yes
configure:9039: checking if gcc supports -c -o file.o
configure:9086: result: yes
configure:9119: checking whether the gcc linker (/usr/bin/ld -m elf_x86_64) supports shared libraries
configure:10272: result: yes
configure:10309: checking whether -lc should be explicitly linked in
configure:10317: gcc -c -g -O2  conftest.c >&5
configure:10320: $? = 0
configure:10335: gcc -shared  -fPIC -DPIC conftest.o  -v -Wl,-soname -Wl,conftest -o conftest 2\>\&1 \| /usr/bin/grep  -lc  \>/dev/null 2\>\&1
configure:10338: $? = 0
configure:10352: result: no
configure:10512: checking dynamic linker characteristics
configure:11023: gcc -o conftest -g -O2   -Wl,-rpath -Wl,/foo conftest.c  >&5
configure:11023: $? = 0
configure:11249: result: GNU/Linux ld.so
configure:11356: checking how to hardcode library paths into programs
configure:11381: result: immediate
configure:11921: checking whether stripping libraries is possible
configure:11926: result: yes
configure:11961: checking if libtool supports shared libraries
configure:11963: result: yes
configure:11966: checking whether to build shared libraries
configure:11987: result: yes
configure:11990: checking whether to build static libraries
configure:11994: result: yes
configure:12017: checking how to run the C++ preprocessor
configure:12044: g++ -E  conftest.cpp
configure:12044: $? = 0
configure:12058: g++ -E  conftest.cpp
conftest.cpp:26:28: fatal error: ac_nonexistent.h: No such file or directory
 #include <ac_nonexistent.h>
                            ^
compilation terminated.
configure:12058: $? = 1
configure: failed program was:
| /* confdefs.h */
| #define PACKAGE_NAME "GeographicLib"
| #define PACKAGE_TARNAME "geographiclib"
| #define PACKAGE_VERSION "1.36"
| #define PACKAGE_STRING "GeographicLib 1.36"
| #define PACKAGE_BUGREPORT "charles@karney.com"
| #define PACKAGE_URL ""
| #define PACKAGE "geographiclib"
| #define VERSION "1.36"
| #define GEOGRAPHICLIB_VERSION_MAJOR 1
| #define GEOGRAPHICLIB_VERSION_MINOR 36
| #define GEOGRAPHICLIB_VERSION_PATCH 0
| #define STDC_HEADERS 1
| #define HAVE_SYS_TYPES_H 1
| #define HAVE_SYS_STAT_H 1
| #define HAVE_STDLIB_H 1
| #define HAVE_STRING_H 1
| #define HAVE_MEMORY_H 1
| #define HAVE_STRINGS_H 1
| #define HAVE_INTTYPES_H 1
| #define HAVE_STDINT_H 1
| #define HAVE_UNISTD_H 1
| #define HAVE_DLFCN_H 1
| #define LT_OBJDIR ".libs/"
| /* end confdefs.h.  */
| #include <ac_nonexistent.h>
configure:12083: result: g++ -E
configure:12103: g++ -E  conftest.cpp
configure:12103: $? = 0
configure:12117: g++ -E  conftest.cpp
conftest.cpp:26:28: fatal error: ac_nonexistent.h: No such file or directory
 #include <ac_nonexistent.h>
                            ^
compilation terminated.
configure:12117: $? = 1
configure: failed program was:
| /* confdefs.h */
| #define PACKAGE_NAME "GeographicLib"
| #define PACKAGE_TARNAME "geographiclib"
| #define PACKAGE_VERSION "1.36"
| #define PACKAGE_STRING "GeographicLib 1.36"
| #define PACKAGE_BUGREPORT "charles@karney.com"
| #define PACKAGE_URL ""
| #define PACKAGE "geographiclib"
| #define VERSION "1.36"
| #define GEOGRAPHICLIB_VERSION_MAJOR 1
| #define GEOGRAPHICLIB_VERSION_MINOR 36
| #define GEOGRAPHICLIB_VERSION_PATCH 0
| #define STDC_HEADERS 1
| #define HAVE_SYS_TYPES_H 1
| #define HAVE_SYS_STAT_H 1
| #define HAVE_STDLIB_H 1
| #define HAVE_STRING_H 1
| #define HAVE_MEMORY_H 1
| #define HAVE_STRINGS_H 1
| #define HAVE_INTTYPES_H 1
| #define HAVE_STDINT_H 1
| #define HAVE_UNISTD_H 1
| #define HAVE_DLFCN_H 1
| #define LT_OBJDIR ".libs/"
| /* end confdefs.h.  */
| #include <ac_nonexistent.h>
configure:12286: checking for ld used by g++
configure:12353: result: /usr/bin/ld -m elf_x86_64
configure:12360: checking if the linker (/usr/bin/ld -m elf_x86_64) is GNU ld
configure:12375: result: yes
configure:12430: checking whether the g++ linker (/usr/bin/ld -m elf_x86_64) supports shared libraries
configure:13435: result: yes
configure:13471: g++ -c -g -O2  conftest.cpp >&5
configure:13474: $? = 0
configure:13994: checking for g++ option to produce PIC
configure:14001: result: -fPIC -DPIC
configure:14009: checking if g++ PIC flag -fPIC -DPIC works
configure:14027: g++ -c -g -O2  -fPIC -DPIC -DPIC conftest.cpp >&5
configure:14031: $? = 0
configure:14044: result: yes
configure:14067: checking if g++ static flag -static works
configure:14095: result: no
configure:14107: checking if g++ supports -c -o file.o
configure:14128: g++ -c -g -O2  -o out/conftest2.o conftest.cpp >&5
configure:14132: $? = 0
configure:14154: result: yes
configure:14159: checking if g++ supports -c -o file.o
configure:14206: result: yes
configure:14236: checking whether the g++ linker (/usr/bin/ld -m elf_x86_64) supports shared libraries
configure:14272: result: yes
configure:14413: checking dynamic linker characteristics
configure:15084: result: GNU/Linux ld.so
configure:15137: checking how to hardcode library paths into programs
configure:15162: result: immediate
configure:15227: checking float.h usability
configure:15227: gcc -c -g -O2  conftest.c >&5
configure:15227: $? = 0
configure:15227: result: yes
configure:15227: checking float.h presence
configure:15227: gcc -E  conftest.c
configure:15227: $? = 0
configure:15227: result: yes
configure:15227: checking for float.h
configure:15227: result: yes
configure:15239: checking for stdbool.h that conforms to C99
configure:15306: gcc -c -g -O2  conftest.c >&5
configure:15306: $? = 0
configure:15313: result: yes
configure:15315: checking for _Bool
configure:15315: gcc -c -g -O2  conftest.c >&5
configure:15315: $? = 0
configure:15315: gcc -c -g -O2  conftest.c >&5
conftest.c: In function 'main':
conftest.c:63:20: error: expected expression before ')' token
 if (sizeof ((_Bool)))
                    ^
configure:15315: $? = 1
configure: failed program was:
| /* confdefs.h */
| #define PACKAGE_NAME "GeographicLib"
| #define PACKAGE_TARNAME "geographiclib"
| #define PACKAGE_VERSION "1.36"
| #define PACKAGE_STRING "GeographicLib 1.36"
| #define PACKAGE_BUGREPORT "charles@karney.com"
| #define PACKAGE_URL ""
| #define PACKAGE "geographiclib"
| #define VERSION "1.36"
| #define GEOGRAPHICLIB_VERSION_MAJOR 1
| #define GEOGRAPHICLIB_VERSION_MINOR 36
| #define GEOGRAPHICLIB_VERSION_PATCH 0
| #define STDC_HEADERS 1
| #define HAVE_SYS_TYPES_H 1
| #define HAVE_SYS_STAT_H 1
| #define HAVE_STDLIB_H 1
| #define HAVE_STRING_H 1
| #define HAVE_MEMORY_H 1
| #define HAVE_STRINGS_H 1
| #define HAVE_INTTYPES_H 1
| #define HAVE_STDINT_H 1
| #define HAVE_UNISTD_H 1
| #define HAVE_DLFCN_H 1
| #define LT_OBJDIR ".libs/"
| #define HAVE_FLOAT_H 1
| /* end confdefs.h.  */
| #include <stdio.h>
| #ifdef HAVE_SYS_TYPES_H
| # include <sys/types.h>
| #endif
| #ifdef HAVE_SYS_STAT_H
| # include <sys/stat.h>
| #endif
| #ifdef STDC_HEADERS
| # include <stdlib.h>
| # include <stddef.h>
| #else
| # ifdef HAVE_STDLIB_H
| #  include <stdlib.h>
| # endif
| #endif
| #ifdef HAVE_STRING_H
| # if !defined STDC_HEADERS && defined HAVE_MEMORY_H
| #  include <memory.h>
| # endif
| # include <string.h>
| #endif
| #ifdef HAVE_STRINGS_H
| # include <strings.h>
| #endif
| #ifdef HAVE_INTTYPES_H
| # include <inttypes.h>
| #endif
| #ifdef HAVE_STDINT_H
| # include <stdint.h>
| #endif
| #ifdef HAVE_UNISTD_H
| # include <unistd.h>
| #endif
| int
| main ()
| {
| if (sizeof ((_Bool)))
| 	    return 0;
|   ;
|   return 0;
| }
configure:15315: result: yes
configure:15332: checking for inline
configure:15348: gcc -c -g -O2  conftest.c >&5
configure:15348: $? = 0
configure:15356: result: inline
configure:15375: checking for long double
configure:15408: result: yes
configure:15418: checking for working strtod
configure:15459: gcc -o conftest -g -O2   conftest.c  >&5
configure:15459: $? = 0
configure:15459: ./conftest
configure:15459: $? = 0
configure:15469: result: yes
configure:15533: checking for strtol
configure:15533: gcc -o conftest -g -O2   conftest.c  >&5
configure:15533: $? = 0
configure:15533: result: yes
configure:15542: checking for library containing floor
configure:15573: gcc -o conftest -g -O2   conftest.c  >&5
conftest.c:38:6: warning: conflicting types for built-in function 'floor' [enabled by default]
 char floor ();
      ^
/tmp/ccSFQRy4.o: In function `main':
/home/Remdul/git2/GeographicLib/conftest.c:42: undefined reference to `floor'
collect2: error: ld returned 1 exit status
configure:15573: $? = 1
configure: failed program was:
| /* confdefs.h */
| #define PACKAGE_NAME "GeographicLib"
| #define PACKAGE_TARNAME "geographiclib"
| #define PACKAGE_VERSION "1.36"
| #define PACKAGE_STRING "GeographicLib 1.36"
| #define PACKAGE_BUGREPORT "charles@karney.com"
| #define PACKAGE_URL ""
| #define PACKAGE "geographiclib"
| #define VERSION "1.36"
| #define GEOGRAPHICLIB_VERSION_MAJOR 1
| #define GEOGRAPHICLIB_VERSION_MINOR 36
| #define GEOGRAPHICLIB_VERSION_PATCH 0
| #define STDC_HEADERS 1
| #define HAVE_SYS_TYPES_H 1
| #define HAVE_SYS_STAT_H 1
| #define HAVE_STDLIB_H 1
| #define HAVE_STRING_H 1
| #define HAVE_MEMORY_H 1
| #define HAVE_STRINGS_H 1
| #define HAVE_INTTYPES_H 1
| #define HAVE_STDINT_H 1
| #define HAVE_UNISTD_H 1
| #define HAVE_DLFCN_H 1
| #define LT_OBJDIR ".libs/"
| #define HAVE_FLOAT_H 1
| #define HAVE__BOOL 1
| #define HAVE_STDBOOL_H 1
| #define HAVE_LONG_DOUBLE 1
| #define HAVE_STRTOL 1
| /* end confdefs.h.  */
| 
| /* Override any GCC internal prototype to avoid an error.
|    Use char because int might match the return type of a GCC
|    builtin and then its argument prototype would still apply.  */
| #ifdef __cplusplus
| extern "C"
| #endif
| char floor ();
| int
| main ()
| {
| return floor ();
|   ;
|   return 0;
| }
configure:15573: gcc -o conftest -g -O2   conftest.c -lm   >&5
conftest.c:38:6: warning: conflicting types for built-in function 'floor' [enabled by default]
 char floor ();
      ^
configure:15573: $? = 0
configure:15590: result: -lm
configure:15598: checking for library containing pow
configure:15629: gcc -o conftest -g -O2   conftest.c -lm  >&5
conftest.c:38:6: warning: conflicting types for built-in function 'pow' [enabled by default]
 char pow ();
      ^
configure:15629: $? = 0
configure:15646: result: none required
configure:15654: checking for library containing sqrt
configure:15685: gcc -o conftest -g -O2   conftest.c -lm  >&5
conftest.c:38:6: warning: conflicting types for built-in function 'sqrt' [enabled by default]
 char sqrt ();
      ^
configure:15685: $? = 0
configure:15702: result: none required
configure:15712: checking whether byte ordering is bigendian
configure:15727: gcc -c -g -O2  conftest.c >&5
conftest.c:32:9: error: unknown type name 'not'
         not a universal capable compiler
         ^
conftest.c:32:15: error: expected '=', ',', ';', 'asm' or '__attribute__' before 'universal'
         not a universal capable compiler
               ^
conftest.c:32:15: error: unknown type name 'universal'
configure:15727: $? = 1
configure: failed program was:
| /* confdefs.h */
| #define PACKAGE_NAME "GeographicLib"
| #define PACKAGE_TARNAME "geographiclib"
| #define PACKAGE_VERSION "1.36"
| #define PACKAGE_STRING "GeographicLib 1.36"
| #define PACKAGE_BUGREPORT "charles@karney.com"
| #define PACKAGE_URL ""
| #define PACKAGE "geographiclib"
| #define VERSION "1.36"
| #define GEOGRAPHICLIB_VERSION_MAJOR 1
| #define GEOGRAPHICLIB_VERSION_MINOR 36
| #define GEOGRAPHICLIB_VERSION_PATCH 0
| #define STDC_HEADERS 1
| #define HAVE_SYS_TYPES_H 1
| #define HAVE_SYS_STAT_H 1
| #define HAVE_STDLIB_H 1
| #define HAVE_STRING_H 1
| #define HAVE_MEMORY_H 1
| #define HAVE_STRINGS_H 1
| #define HAVE_INTTYPES_H 1
| #define HAVE_STDINT_H 1
| #define HAVE_UNISTD_H 1
| #define HAVE_DLFCN_H 1
| #define LT_OBJDIR ".libs/"
| #define HAVE_FLOAT_H 1
| #define HAVE__BOOL 1
| #define HAVE_STDBOOL_H 1
| #define HAVE_LONG_DOUBLE 1
| #define HAVE_STRTOL 1
| /* end confdefs.h.  */
| #ifndef __APPLE_CC__
| 	       not a universal capable compiler
| 	     #endif
| 	     typedef int dummy;
| 
configure:15772: gcc -c -g -O2  conftest.c >&5
configure:15772: $? = 0
configure:15790: gcc -c -g -O2  conftest.c >&5
conftest.c: In function 'main':
conftest.c:38:4: error: unknown type name 'not'
    not big endian
    ^
conftest.c:38:12: error: expected '=', ',', ';', 'asm' or '__attribute__' before 'endian'
    not big endian
            ^
configure:15790: $? = 1
configure: failed program was:
| /* confdefs.h */
| #define PACKAGE_NAME "GeographicLib"
| #define PACKAGE_TARNAME "geographiclib"
| #define PACKAGE_VERSION "1.36"
| #define PACKAGE_STRING "GeographicLib 1.36"
| #define PACKAGE_BUGREPORT "charles@karney.com"
| #define PACKAGE_URL ""
| #define PACKAGE "geographiclib"
| #define VERSION "1.36"
| #define GEOGRAPHICLIB_VERSION_MAJOR 1
| #define GEOGRAPHICLIB_VERSION_MINOR 36
| #define GEOGRAPHICLIB_VERSION_PATCH 0
| #define STDC_HEADERS 1
| #define HAVE_SYS_TYPES_H 1
| #define HAVE_SYS_STAT_H 1
| #define HAVE_STDLIB_H 1
| #define HAVE_STRING_H 1
| #define HAVE_MEMORY_H 1
| #define HAVE_STRINGS_H 1
| #define HAVE_INTTYPES_H 1
| #define HAVE_STDINT_H 1
| #define HAVE_UNISTD_H 1
| #define HAVE_DLFCN_H 1
| #define LT_OBJDIR ".libs/"
| #define HAVE_FLOAT_H 1
| #define HAVE__BOOL 1
| #define HAVE_STDBOOL_H 1
| #define HAVE_LONG_DOUBLE 1
| #define HAVE_STRTOL 1
| /* end confdefs.h.  */
| #include <sys/types.h>
| 		#include <sys/param.h>
| 
| int
| main ()
| {
| #if BYTE_ORDER != BIG_ENDIAN
| 		 not big endian
| 		#endif
| 
|   ;
|   return 0;
| }
configure:15918: result: no
configure:15943: checking for doxygen
configure:15973: result: no
configure:15995: checking for pod2man
configure:16011: found /usr/bin/pod2man
configure:16022: result: pod2man
configure:16037: checking for pod2html
configure:16053: found /usr/bin/pod2html
configure:16064: result: pod2html
configure:16079: checking for col
configure:16095: found /usr/bin/col
configure:16106: result: col
configure:16237: checking that generated files are newer than configure
configure:16243: result: done
configure:16283: creating ./config.status

## ---------------------- ##
## Running config.status. ##
## ---------------------- ##

This file was extended by GeographicLib config.status 1.36, which was
generated by GNU Autoconf 2.69.  Invocation command line was

  CONFIG_FILES    = 
  CONFIG_HEADERS  = 
  CONFIG_LINKS    = 
  CONFIG_COMMANDS = 
  $ ./config.status 

on localhost

config.status:1178: creating Makefile
config.status:1178: creating src/Makefile
config.status:1178: creating include/Makefile
config.status:1178: creating tools/Makefile
config.status:1178: creating doc/Makefile
config.status:1178: creating man/Makefile
config.status:1178: creating matlab/Makefile
config.status:1178: creating python/Makefile
config.status:1178: creating cmake/Makefile
config.status:1178: creating examples/Makefile
config.status:1178: creating include/GeographicLib/Config-ac.h
config.status:1407: executing depfiles commands
config.status:1407: executing libtool commands

## ---------------- ##
## Cache variables. ##
## ---------------- ##

ac_cv_build=x86_64-unknown-linux-gnu
ac_cv_c_bigendian=no
ac_cv_c_compiler_gnu=yes
ac_cv_c_inline=inline
ac_cv_cxx_compiler_gnu=yes
ac_cv_env_CCC_set=
ac_cv_env_CCC_value=
ac_cv_env_CC_set=
ac_cv_env_CC_value=
ac_cv_env_CFLAGS_set=
ac_cv_env_CFLAGS_value=
ac_cv_env_CPPFLAGS_set=
ac_cv_env_CPPFLAGS_value=
ac_cv_env_CPP_set=
ac_cv_env_CPP_value=
ac_cv_env_CXXCPP_set=
ac_cv_env_CXXCPP_value=
ac_cv_env_CXXFLAGS_set=
ac_cv_env_CXXFLAGS_value=
ac_cv_env_CXX_set=
ac_cv_env_CXX_value=
ac_cv_env_LDFLAGS_set=
ac_cv_env_LDFLAGS_value=
ac_cv_env_LIBS_set=
ac_cv_env_LIBS_value=
ac_cv_env_build_alias_set=
ac_cv_env_build_alias_value=
ac_cv_env_host_alias_set=
ac_cv_env_host_alias_value=
ac_cv_env_target_alias_set=
ac_cv_env_target_alias_value=
ac_cv_func_strtod=yes
ac_cv_func_strtol=yes
ac_cv_header_dlfcn_h=yes
ac_cv_header_float_h=yes
ac_cv_header_inttypes_h=yes
ac_cv_header_memory_h=yes
ac_cv_header_stdbool_h=yes
ac_cv_header_stdc=yes
ac_cv_header_stdint_h=yes
ac_cv_header_stdlib_h=yes
ac_cv_header_string_h=yes
ac_cv_header_strings_h=yes
ac_cv_header_sys_stat_h=yes
ac_cv_header_sys_types_h=yes
ac_cv_header_unistd_h=yes
ac_cv_host=x86_64-unknown-linux-gnu
ac_cv_objext=o
ac_cv_path_EGREP='/usr/bin/grep -E'
ac_cv_path_FGREP='/usr/bin/grep -F'
ac_cv_path_GREP=/usr/bin/grep
ac_cv_path_SED=/usr/bin/sed
ac_cv_path_install='/usr/bin/install -c'
ac_cv_path_mkdir=/usr/bin/mkdir
ac_cv_prog_AWK=gawk
ac_cv_prog_COL=col
ac_cv_prog_CPP='gcc -E'
ac_cv_prog_CXXCPP='g++ -E'
ac_cv_prog_POD2HTML=pod2html
ac_cv_prog_POD2MAN=pod2man
ac_cv_prog_ac_ct_AR=ar
ac_cv_prog_ac_ct_CC=gcc
ac_cv_prog_ac_ct_CXX=g++
ac_cv_prog_ac_ct_OBJDUMP=objdump
ac_cv_prog_ac_ct_RANLIB=ranlib
ac_cv_prog_ac_ct_STRIP=strip
ac_cv_prog_cc_c89=
ac_cv_prog_cc_g=yes
ac_cv_prog_cxx_g=yes
ac_cv_prog_make_make_set=yes
ac_cv_search_floor=-lm
ac_cv_search_pow='none required'
ac_cv_search_sqrt='none required'
ac_cv_target=x86_64-unknown-linux-gnu
ac_cv_type__Bool=yes
ac_cv_type_long_double=yes
am_cv_CC_dependencies_compiler_type=gcc3
am_cv_CXX_dependencies_compiler_type=gcc3
lt_cv_ar_at_file=@
lt_cv_archive_cmds_need_lc=no
lt_cv_deplibs_check_method=pass_all
lt_cv_file_magic_cmd='$MAGIC_CMD'
lt_cv_file_magic_test_file=
lt_cv_ld_reload_flag=-r
lt_cv_nm_interface='BSD nm'
lt_cv_objdir=.libs
lt_cv_path_LD=/usr/bin/ld
lt_cv_path_LDCXX='/usr/bin/ld -m elf_x86_64'
lt_cv_path_NM='/usr/bin/nm -B'
lt_cv_path_mainfest_tool=no
lt_cv_prog_compiler_c_o=yes
lt_cv_prog_compiler_c_o_CXX=yes
lt_cv_prog_compiler_pic='-fPIC -DPIC'
lt_cv_prog_compiler_pic_CXX='-fPIC -DPIC'
lt_cv_prog_compiler_pic_works=yes
lt_cv_prog_compiler_pic_works_CXX=yes
lt_cv_prog_compiler_rtti_exceptions=no
lt_cv_prog_compiler_static_works=no
lt_cv_prog_compiler_static_works_CXX=no
lt_cv_prog_gnu_ld=yes
lt_cv_prog_gnu_ldcxx=yes
lt_cv_sharedlib_from_linklib_cmd='printf %s\n'
lt_cv_shlibpath_overrides_runpath=no
lt_cv_sys_global_symbol_pipe='sed -n -e '\''s/^.*[	 ]\([ABCDGIRSTW][ABCDGIRSTW]*\)[	 ][	 ]*\([_A-Za-z][_A-Za-z0-9]*\)$/\1 \2 \2/p'\'' | sed '\''/ __gnu_lto/d'\'''
lt_cv_sys_global_symbol_to_c_name_address='sed -n -e '\''s/^: \([^ ]*\)[ ]*$/  {\"\1\", (void *) 0},/p'\'' -e '\''s/^[ABCDGIRSTW]* \([^ ]*\) \([^ ]*\)$/  {"\2", (void *) \&\2},/p'\'''
lt_cv_sys_global_symbol_to_c_name_address_lib_prefix='sed -n -e '\''s/^: \([^ ]*\)[ ]*$/  {\"\1\", (void *) 0},/p'\'' -e '\''s/^[ABCDGIRSTW]* \([^ ]*\) \(lib[^ ]*\)$/  {"\2", (void *) \&\2},/p'\'' -e '\''s/^[ABCDGIRSTW]* \([^ ]*\) \([^ ]*\)$/  {"lib\2", (void *) \&\2},/p'\'''
lt_cv_sys_global_symbol_to_cdecl='sed -n -e '\''s/^T .* \(.*\)$/extern int \1();/p'\'' -e '\''s/^[ABCDGIRSTW]* .* \(.*\)$/extern char \1;/p'\'''
lt_cv_sys_max_cmd_len=1572864
lt_cv_to_host_file_cmd=func_convert_file_noop
lt_cv_to_tool_file_cmd=func_convert_file_noop

## ----------------- ##
## Output variables. ##
## ----------------- ##

ACLOCAL='${SHELL} /home/Remdul/git2/GeographicLib/missing --run aclocal-1.12'
AMDEPBACKSLASH='\'
AMDEP_FALSE='#'
AMDEP_TRUE=''
AMTAR='$${TAR-tar}'
AR='ar'
AUTOCONF='${SHELL} /home/Remdul/git2/GeographicLib/missing --run autoconf'
AUTOHEADER='${SHELL} /home/Remdul/git2/GeographicLib/missing --run autoheader'
AUTOMAKE='${SHELL} /home/Remdul/git2/GeographicLib/missing --run automake-1.12'
AWK='gawk'
CC='gcc'
CCDEPMODE='depmode=gcc3'
CFLAGS='-g -O2'
COL='col'
CPP='gcc -E'
CPPFLAGS=''
CXX='g++'
CXXCPP='g++ -E'
CXXDEPMODE='depmode=gcc3'
CXXFLAGS='-g -O2'
CYGPATH_W='echo'
DEFS='-DHAVE_CONFIG_H'
DEPDIR='.deps'
DLLTOOL='false'
DOXYGEN=''
DSYMUTIL=''
DUMPBIN=''
ECHO_C=''
ECHO_N='-n'
ECHO_T=''
EGREP='/usr/bin/grep -E'
EXEEXT=''
FGREP='/usr/bin/grep -F'
GEOGRAPHICLIB_VERSION_MAJOR='1'
GEOGRAPHICLIB_VERSION_MINOR='36'
GEOGRAPHICLIB_VERSION_PATCH='0'
GREP='/usr/bin/grep'
HAVE_DOXYGEN_FALSE=''
HAVE_DOXYGEN_TRUE='#'
HAVE_PODPROGS_FALSE='#'
HAVE_PODPROGS_TRUE=''
INSTALL_DATA='${INSTALL} -m 644'
INSTALL_PROGRAM='${INSTALL}'
INSTALL_SCRIPT='${INSTALL}'
INSTALL_STRIP_PROGRAM='$(install_sh) -c -s'
LD='/usr/bin/ld -m elf_x86_64'
LDFLAGS=''
LIBOBJS=''
LIBS='-lm '
LIBTOOL='$(SHELL) $(top_builddir)/libtool'
LIPO=''
LN_S='ln -s'
LTLIBOBJS=''
LT_AGE='0'
LT_CURRENT='12'
LT_REVISION='0'
MAINT='#'
MAINTAINER_MODE_FALSE=''
MAINTAINER_MODE_TRUE='#'
MAKEINFO='${SHELL} /home/Remdul/git2/GeographicLib/missing --run makeinfo'
MANIFEST_TOOL=':'
MKDIR_P='/usr/bin/mkdir -p'
NM='/usr/bin/nm -B'
NMEDIT=''
OBJDUMP='objdump'
OBJEXT='o'
OTOOL64=''
OTOOL=''
PACKAGE='geographiclib'
PACKAGE_BUGREPORT='charles@karney.com'
PACKAGE_NAME='GeographicLib'
PACKAGE_STRING='GeographicLib 1.36'
PACKAGE_TARNAME='geographiclib'
PACKAGE_URL=''
PACKAGE_VERSION='1.36'
PATH_SEPARATOR=':'
POD2HTML='pod2html'
POD2MAN='pod2man'
POW_LIB=''
RANLIB='ranlib'
SED='/usr/bin/sed'
SET_MAKE=''
SHELL='/bin/sh'
STRIP='strip'
VERSION='1.36'
ac_ct_AR='ar'
ac_ct_CC='gcc'
ac_ct_CXX='g++'
ac_ct_DUMPBIN=''
am__EXEEXT_FALSE=''
am__EXEEXT_TRUE='#'
am__fastdepCC_FALSE='#'
am__fastdepCC_TRUE=''
am__fastdepCXX_FALSE='#'
am__fastdepCXX_TRUE=''
am__include='include'
am__isrc=''
am__leading_dot='.'
am__nodep='_no'
am__quote=''
am__tar='$${TAR-tar} chof - "$$tardir"'
am__untar='$${TAR-tar} xf -'
bindir='${exec_prefix}/bin'
build='x86_64-unknown-linux-gnu'
build_alias=''
build_cpu='x86_64'
build_os='linux-gnu'
build_vendor='unknown'
datadir='${datarootdir}'
datarootdir='${prefix}/share'
docdir='${datarootdir}/doc/${PACKAGE_TARNAME}'
dvidir='${docdir}'
exec_prefix='${prefix}'
host='x86_64-unknown-linux-gnu'
host_alias=''
host_cpu='x86_64'
host_os='linux-gnu'
host_vendor='unknown'
htmldir='${docdir}'
includedir='${prefix}/include'
infodir='${datarootdir}/info'
install_sh='${SHELL} /home/Remdul/git2/GeographicLib/install-sh'
libdir='${exec_prefix}/lib'
libexecdir='${exec_prefix}/libexec'
localedir='${datarootdir}/locale'
localstatedir='${prefix}/var'
mandir='${datarootdir}/man'
mkdir_p='$(MKDIR_P)'
oldincludedir='/usr/include'
pdfdir='${docdir}'
prefix='/usr/local'
program_transform_name='s,x,x,'
psdir='${docdir}'
sbindir='${exec_prefix}/sbin'
sharedstatedir='${prefix}/com'
sysconfdir='${prefix}/etc'
target='x86_64-unknown-linux-gnu'
target_alias=''
target_cpu='x86_64'
target_os='linux-gnu'
target_vendor='unknown'

## ----------- ##
## confdefs.h. ##
## ----------- ##

/* confdefs.h */
#define PACKAGE_NAME "GeographicLib"
#define PACKAGE_TARNAME "geographiclib"
#define PACKAGE_VERSION "1.36"
#define PACKAGE_STRING "GeographicLib 1.36"
#define PACKAGE_BUGREPORT "charles@karney.com"
#define PACKAGE_URL ""
#define PACKAGE "geographiclib"
#define VERSION "1.36"
#define GEOGRAPHICLIB_VERSION_MAJOR 1
#define GEOGRAPHICLIB_VERSION_MINOR 36
#define GEOGRAPHICLIB_VERSION_PATCH 0
#define STDC_HEADERS 1
#define HAVE_SYS_TYPES_H 1
#define HAVE_SYS_STAT_H 1
#define HAVE_STDLIB_H 1
#define HAVE_STRING_H 1
#define HAVE_MEMORY_H 1
#define HAVE_STRINGS_H 1
#define HAVE_INTTYPES_H 1
#define HAVE_STDINT_H 1
#define HAVE_UNISTD_H 1
#define HAVE_DLFCN_H 1
#define LT_OBJDIR ".libs/"
#define HAVE_FLOAT_H 1
#define HAVE__BOOL 1
#define HAVE_STDBOOL_H 1
#define HAVE_LONG_DOUBLE 1
#define HAVE_STRTOL 1

configure: exit 0
